Timing Analyzer report for adder_4
Wed Mar 28 13:09:27 2018
Version 4.2 Build 157 12/07/2004 SJ Full Version


---------------------
; Table of Contents ;
---------------------
  1. Legal Notice
  2. Timing Analyzer Summary
  3. Timing Analyzer Settings
  4. tpd
  5. Timing Analyzer Messages



----------------
; Legal Notice ;
----------------
Copyright (C) 1991-2004 Altera Corporation
Any  megafunction  design,  and related netlist (encrypted  or  decrypted),
support information,  device programming or simulation file,  and any other
associated  documentation or information  provided by  Altera  or a partner
under  Altera's   Megafunction   Partnership   Program  may  be  used  only
to program  PLD  devices (but not masked  PLD  devices) from  Altera.   Any
other  use  of such  megafunction  design,  netlist,  support  information,
device programming or simulation file,  or any other  related documentation
or information  is prohibited  for  any  other purpose,  including, but not
limited to  modification,  reverse engineering,  de-compiling, or use  with
any other  silicon devices,  unless such use is  explicitly  licensed under
a separate agreement with  Altera  or a megafunction partner.  Title to the
intellectual property,  including patents,  copyrights,  trademarks,  trade
secrets,  or maskworks,  embodied in any such megafunction design, netlist,
support  information,  device programming or simulation file,  or any other
related documentation or information provided by  Altera  or a megafunction
partner, remains with Altera, the megafunction partner, or their respective
licensors. No other licenses, including any licenses needed under any third
party's intellectual property, are provided herein.



+-----------------------------------------------------------------------------------------------------------------------+
; Timing Analyzer Summary                                                                                               ;
+------------------------------+-------+---------------+-------------+------+----+------------+----------+--------------+
; Type                         ; Slack ; Required Time ; Actual Time ; From ; To ; From Clock ; To Clock ; Failed Paths ;
+------------------------------+-------+---------------+-------------+------+----+------------+----------+--------------+
; Worst-case tpd               ; N/A   ; None          ; 15.102 ns   ; B0   ; S3 ;            ;          ; 0            ;
; Total number of failed paths ;       ;               ;             ;      ;    ;            ;          ; 0            ;
+------------------------------+-------+---------------+-------------+------+----+------------+----------+--------------+


+------------------------------------------------------------------------------------------------------+
; Timing Analyzer Settings                                                                             ;
+-------------------------------------------------------+--------------------+------+----+-------------+
; Option                                                ; Setting            ; From ; To ; Entity Name ;
+-------------------------------------------------------+--------------------+------+----+-------------+
; Device Name                                           ; EPXA4F672C3        ;      ;    ;             ;
; Timing Models                                         ; Final              ;      ;    ;             ;
; Number of source nodes to report per destination node ; 10                 ;      ;    ;             ;
; Number of destination nodes to report                 ; 10                 ;      ;    ;             ;
; Number of paths to report                             ; 200                ;      ;    ;             ;
; Report Minumum Timing Checks                          ; Off                ;      ;    ;             ;
; Use Fast Timing Models                                ; Off                ;      ;    ;             ;
; Report IO Paths Separately                            ; Off                ;      ;    ;             ;
; Clock Analysis Only                                   ; Off                ;      ;    ;             ;
; Default hold multicycle                               ; Same as Multicycle ;      ;    ;             ;
; Cut paths between unrelated clock domains             ; On                 ;      ;    ;             ;
; Cut off read during write signal paths                ; On                 ;      ;    ;             ;
; Cut off clear and preset signal paths                 ; On                 ;      ;    ;             ;
; Cut off feedback from I/O pins                        ; On                 ;      ;    ;             ;
; Ignore Clock Settings                                 ; Off                ;      ;    ;             ;
; Analyze latches as synchronous elements               ; Off                ;      ;    ;             ;
; Do Min/Max analysis using Rise/Fall delays            ; Off                ;      ;    ;             ;
; Enable Recovery/Removal analysis                      ; Off                ;      ;    ;             ;
; Use Clock Latency for PLL offset                      ; Off                ;      ;    ;             ;
+-------------------------------------------------------+--------------------+------+----+-------------+


+---------------------------------------------------------+
; tpd                                                     ;
+-------+-------------------+-----------------+------+----+
; Slack ; Required P2P Time ; Actual P2P Time ; From ; To ;
+-------+-------------------+-----------------+------+----+
; N/A   ; None              ; 15.102 ns       ; B0   ; S3 ;
; N/A   ; None              ; 14.754 ns       ; Cin  ; S3 ;
; N/A   ; None              ; 14.502 ns       ; B1   ; S3 ;
; N/A   ; None              ; 14.277 ns       ; B0   ; C3 ;
; N/A   ; None              ; 14.157 ns       ; A0   ; S3 ;
; N/A   ; None              ; 14.027 ns       ; A2   ; S3 ;
; N/A   ; None              ; 13.929 ns       ; Cin  ; C3 ;
; N/A   ; None              ; 13.782 ns       ; B2   ; S3 ;
; N/A   ; None              ; 13.677 ns       ; B1   ; C3 ;
; N/A   ; None              ; 13.645 ns       ; B0   ; S1 ;
; N/A   ; None              ; 13.529 ns       ; B0   ; S2 ;
; N/A   ; None              ; 13.332 ns       ; A0   ; C3 ;
; N/A   ; None              ; 13.318 ns       ; A1   ; S3 ;
; N/A   ; None              ; 13.297 ns       ; Cin  ; S1 ;
; N/A   ; None              ; 13.202 ns       ; A2   ; C3 ;
; N/A   ; None              ; 13.181 ns       ; Cin  ; S2 ;
; N/A   ; None              ; 13.099 ns       ; B3   ; S3 ;
; N/A   ; None              ; 13.046 ns       ; B1   ; S1 ;
; N/A   ; None              ; 12.957 ns       ; B2   ; C3 ;
; N/A   ; None              ; 12.929 ns       ; B1   ; S2 ;
; N/A   ; None              ; 12.700 ns       ; A0   ; S1 ;
; N/A   ; None              ; 12.584 ns       ; A0   ; S2 ;
; N/A   ; None              ; 12.493 ns       ; A1   ; C3 ;
; N/A   ; None              ; 12.455 ns       ; A2   ; S2 ;
; N/A   ; None              ; 12.279 ns       ; B3   ; C3 ;
; N/A   ; None              ; 12.211 ns       ; B2   ; S2 ;
; N/A   ; None              ; 12.134 ns       ; B0   ; S0 ;
; N/A   ; None              ; 11.862 ns       ; A1   ; S1 ;
; N/A   ; None              ; 11.774 ns       ; A3   ; S3 ;
; N/A   ; None              ; 11.745 ns       ; A1   ; S2 ;
; N/A   ; None              ; 11.497 ns       ; Cin  ; S0 ;
; N/A   ; None              ; 10.954 ns       ; A3   ; C3 ;
; N/A   ; None              ; 10.870 ns       ; A0   ; S0 ;
+-------+-------------------+-----------------+------+----+


+--------------------------+
; Timing Analyzer Messages ;
+--------------------------+
Info: *******************************************************************
Info: Running Quartus II Timing Analyzer
    Info: Version 4.2 Build 157 12/07/2004 SJ Full Version
    Info: Processing started: Wed Mar 28 13:09:27 2018
Info: Command: quartus_tan --import_settings_files=off --export_settings_files=off adder_4 -c adder_4
Info: Started post-fitting delay annotation
Info: Delay annotation completed successfully
Info: Longest tpd from source pin "B0" to destination pin "S3" is 15.102 ns
    Info: 1: + IC(0.000 ns) + CELL(2.373 ns) = 2.373 ns; Loc. = PIN_J17; Fanout = 2; PIN Node = 'B0'
    Info: 2: + IC(5.532 ns) + CELL(1.082 ns) = 8.987 ns; Loc. = LC3_10_A4; Fanout = 2; COMB Node = 'f_adder:U0|Cn~43'
    Info: 3: + IC(0.262 ns) + CELL(0.486 ns) = 9.735 ns; Loc. = LC6_10_A4; Fanout = 2; COMB Node = 'f_adder:U1|Cn~107'
    Info: 4: + IC(0.262 ns) + CELL(0.486 ns) = 10.483 ns; Loc. = LC5_10_A4; Fanout = 2; COMB Node = 'f_adder:U2|Cn~161'
    Info: 5: + IC(0.262 ns) + CELL(0.486 ns) = 11.231 ns; Loc. = LC3_9_A4; Fanout = 1; COMB Node = 'f_adder:U3|Sn'
    Info: 6: + IC(1.070 ns) + CELL(2.801 ns) = 15.102 ns; Loc. = PIN_H20; Fanout = 0; PIN Node = 'S3'
    Info: Total cell delay = 7.714 ns ( 51.08 % )
    Info: Total interconnect delay = 7.388 ns ( 48.92 % )
Info: Quartus II Timing Analyzer was successful. 0 errors, 0 warnings
    Info: Processing ended: Wed Mar 28 13:09:27 2018
    Info: Elapsed time: 00:00:01


