Analysis & Synthesis report for piezo
Fri May 25 15:57:16 2018
Version 4.2 Build 157 12/07/2004 SJ Full Version


---------------------
; Table of Contents ;
---------------------
  1. Legal Notice
  2. Analysis & Synthesis Summary
  3. Analysis & Synthesis Settings
  4. Hierarchy
  5. Analysis & Synthesis Resource Utilization by Entity
  6. Analysis & Synthesis Equations
  7. Analysis & Synthesis Source Files Read
  8. Analysis & Synthesis Resource Usage Summary
  9. WYSIWYG Cells
 10. General Register Statistics
 11. Inverted Register Statistics
 12. Analysis & Synthesis Messages



----------------
; Legal Notice ;
----------------
Copyright (C) 1991-2004 Altera Corporation
Any  megafunction  design,  and related netlist (encrypted  or  decrypted),
support information,  device programming or simulation file,  and any other
associated  documentation or information  provided by  Altera  or a partner
under  Altera's   Megafunction   Partnership   Program  may  be  used  only
to program  PLD  devices (but not masked  PLD  devices) from  Altera.   Any
other  use  of such  megafunction  design,  netlist,  support  information,
device programming or simulation file,  or any other  related documentation
or information  is prohibited  for  any  other purpose,  including, but not
limited to  modification,  reverse engineering,  de-compiling, or use  with
any other  silicon devices,  unless such use is  explicitly  licensed under
a separate agreement with  Altera  or a megafunction partner.  Title to the
intellectual property,  including patents,  copyrights,  trademarks,  trade
secrets,  or maskworks,  embodied in any such megafunction design, netlist,
support  information,  device programming or simulation file,  or any other
related documentation or information provided by  Altera  or a megafunction
partner, remains with Altera, the megafunction partner, or their respective
licensors. No other licenses, including any licenses needed under any third
party's intellectual property, are provided herein.



+------------------------------------------------------------------------+
; Analysis & Synthesis Summary                                           ;
+-----------------------------+------------------------------------------+
; Analysis & Synthesis Status ; Successful - Fri May 25 15:57:16 2018    ;
; Quartus II Version          ; 4.2 Build 157 12/07/2004 SJ Full Version ;
; Revision Name               ; piezo                                    ;
; Top-level Entity Name       ; piezo                                    ;
; Family                      ; EXCALIBUR_ARM                            ;
; Total logic elements        ; 98                                       ;
; Total pins                  ; 10                                       ;
; Total virtual pins          ; 0                                        ;
; Total memory bits           ; 0                                        ;
; Total PLLs                  ; 0                                        ;
+-----------------------------+------------------------------------------+


+----------------------------------------------------------------------------------------------------------------------------+
; Analysis & Synthesis Settings                                                                                              ;
+--------------------------------------------------------------------------------------------+---------------+---------------+
; Option                                                                                     ; Setting       ; Default Value ;
+--------------------------------------------------------------------------------------------+---------------+---------------+
; Device                                                                                     ; EPXA4F672C3   ;               ;
; Family name                                                                                ; EXCALIBUR_ARM ; Stratix       ;
; Use smart compilation                                                                      ; Normal        ; Normal        ;
; Create Debugging Nodes for IP Cores                                                        ; off           ; off           ;
; Preserve fewer node names                                                                  ; On            ; On            ;
; Disable OpenCore Plus hardware evaluation                                                  ; Off           ; Off           ;
; Verilog Version                                                                            ; Verilog_2001  ; Verilog_2001  ;
; VHDL Version                                                                               ; VHDL93        ; VHDL93        ;
; Top-level entity name                                                                      ; piezo         ; piezo         ;
; State Machine Processing                                                                   ; Auto          ; Auto          ;
; Extract Verilog State Machines                                                             ; On            ; On            ;
; Extract VHDL State Machines                                                                ; On            ; On            ;
; NOT Gate Push-Back                                                                         ; On            ; On            ;
; Power-Up Don't Care                                                                        ; On            ; On            ;
; Remove Redundant Logic Cells                                                               ; Off           ; Off           ;
; Remove Duplicate Registers                                                                 ; On            ; On            ;
; Ignore CARRY Buffers                                                                       ; Off           ; Off           ;
; Ignore CASCADE Buffers                                                                     ; Off           ; Off           ;
; Ignore GLOBAL Buffers                                                                      ; Off           ; Off           ;
; Ignore ROW GLOBAL Buffers                                                                  ; Off           ; Off           ;
; Ignore LCELL Buffers                                                                       ; Off           ; Off           ;
; Ignore SOFT Buffers                                                                        ; On            ; On            ;
; Limit AHDL Integers to 32 Bits                                                             ; Off           ; Off           ;
; Auto Implement in ROM                                                                      ; Off           ; Off           ;
; Technology Mapper -- APEX 20K/APEX 20KE/APEX 20KC/APEX II/ARM-based Excalibur              ; LUT           ; LUT           ;
; Optimization Technique -- APEX 20K/APEX 20KE/APEX 20KC/APEX II/ARM-based Excalibur         ; Balanced      ; Balanced      ;
; Allow XOR Gate Usage                                                                       ; On            ; On            ;
; Carry Chain Length                                                                         ; 48            ; 48            ;
; Cascade Chain Length                                                                       ; 2             ; 2             ;
; Parallel Expander Chain Length -- APEX 20K/APEX 20KE/APEX 20KC/APEX II/ARM-based Excalibur ; 16            ; 16            ;
; Auto Carry Chains                                                                          ; On            ; On            ;
; Auto Parallel Expanders                                                                    ; On            ; On            ;
; Auto Open-Drain Pins                                                                       ; On            ; On            ;
; Remove Duplicate Logic                                                                     ; On            ; On            ;
; Perform WYSIWYG Primitive Resynthesis                                                      ; Off           ; Off           ;
; Perform gate-level register retiming                                                       ; Off           ; Off           ;
; Allow register retiming to trade off Tsu/Tco with Fmax                                     ; On            ; On            ;
; Auto ROM Replacement                                                                       ; On            ; On            ;
; Auto RAM Replacement                                                                       ; On            ; On            ;
; Auto Clock Enable Replacement                                                              ; On            ; On            ;
; Auto Resource Sharing                                                                      ; Off           ; Off           ;
; Allow Any RAM Size For Recognition                                                         ; Off           ; Off           ;
; Allow Any ROM Size For Recognition                                                         ; Off           ; Off           ;
; Allow Any Shift Register Size For Recognition                                              ; Off           ; Off           ;
+--------------------------------------------------------------------------------------------+---------------+---------------+


+-----------+
; Hierarchy ;
+-----------+
piezo
 |-- keypad_scan:U0_keypad
      |-- lpm_counter:counts_rtl_1
           |-- alt_synch_counter:wysi_counter
 |-- piezo_tone:U0_piezo_tone
      |-- lpm_counter:cnt_rtl_0
           |-- alt_synch_counter:wysi_counter


+---------------------------------------------------------------------------------------------------------------------------------------------------------------------------------------------------------------------------------------------------------------------------+
; Analysis & Synthesis Resource Utilization by Entity                                                                                                                                                                                                                       ;
+-------------------------------------------+-------------+--------------+-------------+------+--------------+--------------+-------------------+------------------+-----------------+--------------------------------------------------------------------------------------+
; Compilation Hierarchy Node                ; Logic Cells ; LC Registers ; Memory Bits ; Pins ; Virtual Pins ; LUT-Only LCs ; Register-Only LCs ; LUT/Register LCs ; Carry Chain LCs ; Full Hierarchy Name                                                                  ;
+-------------------------------------------+-------------+--------------+-------------+------+--------------+--------------+-------------------+------------------+-----------------+--------------------------------------------------------------------------------------+
; |piezo                                    ; 98 (0)      ; 46           ; 0           ; 10   ; 0            ; 52 (0)       ; 3 (0)             ; 43 (0)           ; 32 (0)          ; |piezo                                                                               ;
;    |keypad_scan:U0_keypad|                ; 35 (21)     ; 26           ; 0           ; 0    ; 0            ; 9 (9)        ; 1 (1)             ; 25 (11)          ; 14 (0)          ; |piezo|keypad_scan:U0_keypad                                                         ;
;       |lpm_counter:counts_rtl_1|          ; 14 (0)      ; 14           ; 0           ; 0    ; 0            ; 0 (0)        ; 0 (0)             ; 14 (0)           ; 14 (0)          ; |piezo|keypad_scan:U0_keypad|lpm_counter:counts_rtl_1                                ;
;          |alt_synch_counter:wysi_counter| ; 14 (14)     ; 14           ; 0           ; 0    ; 0            ; 0 (0)        ; 0 (0)             ; 14 (14)          ; 14 (14)         ; |piezo|keypad_scan:U0_keypad|lpm_counter:counts_rtl_1|alt_synch_counter:wysi_counter ;
;    |piezo_tone:U0_piezo_tone|             ; 63 (53)     ; 20           ; 0           ; 0    ; 0            ; 43 (43)      ; 2 (2)             ; 18 (8)           ; 18 (8)          ; |piezo|piezo_tone:U0_piezo_tone                                                      ;
;       |lpm_counter:cnt_rtl_0|             ; 10 (0)      ; 10           ; 0           ; 0    ; 0            ; 0 (0)        ; 0 (0)             ; 10 (0)           ; 10 (0)          ; |piezo|piezo_tone:U0_piezo_tone|lpm_counter:cnt_rtl_0                                ;
;          |alt_synch_counter:wysi_counter| ; 10 (10)     ; 10           ; 0           ; 0    ; 0            ; 0 (0)        ; 0 (0)             ; 10 (10)          ; 10 (10)         ; |piezo|piezo_tone:U0_piezo_tone|lpm_counter:cnt_rtl_0|alt_synch_counter:wysi_counter ;
+-------------------------------------------+-------------+--------------+-------------+------+--------------+--------------+-------------------+------------------+-----------------+--------------------------------------------------------------------------------------+


+--------------------------------+
; Analysis & Synthesis Equations ;
+--------------------------------+
The equations can be found in D:/piezo/piezo.map.eqn.


+--------------------------------------------------------------------------------------------------------------------------+
; Analysis & Synthesis Source Files Read                                                                                   ;
+----------------------------------+-----------------+---------------------------------------------------------------------+
; File Name with User-Entered Path ; Used in Netlist ; File Name with Absolute Path                                        ;
+----------------------------------+-----------------+---------------------------------------------------------------------+
; piezo.v                          ; yes             ; D:/piezo/piezo.v                                                    ;
; lpm_counter.tdf                  ; yes             ; c:/altera/quartus42/libraries/megafunctions/lpm_counter.tdf         ;
; lpm_constant.inc                 ; yes             ; c:/altera/quartus42/libraries/megafunctions/lpm_constant.inc        ;
; lpm_decode.inc                   ; yes             ; c:/altera/quartus42/libraries/megafunctions/lpm_decode.inc          ;
; lpm_add_sub.inc                  ; yes             ; c:/altera/quartus42/libraries/megafunctions/lpm_add_sub.inc         ;
; cmpconst.inc                     ; yes             ; c:/altera/quartus42/libraries/megafunctions/cmpconst.inc            ;
; lpm_compare.inc                  ; yes             ; c:/altera/quartus42/libraries/megafunctions/lpm_compare.inc         ;
; lpm_counter.inc                  ; yes             ; c:/altera/quartus42/libraries/megafunctions/lpm_counter.inc         ;
; dffeea.inc                       ; yes             ; c:/altera/quartus42/libraries/megafunctions/dffeea.inc              ;
; alt_synch_counter.inc            ; yes             ; c:/altera/quartus42/libraries/megafunctions/alt_synch_counter.inc   ;
; alt_synch_counter_f.inc          ; yes             ; c:/altera/quartus42/libraries/megafunctions/alt_synch_counter_f.inc ;
; alt_counter_f10ke.inc            ; yes             ; c:/altera/quartus42/libraries/megafunctions/alt_counter_f10ke.inc   ;
; alt_counter_stratix.inc          ; yes             ; c:/altera/quartus42/libraries/megafunctions/alt_counter_stratix.inc ;
; aglobal42.inc                    ; yes             ; c:/altera/quartus42/libraries/megafunctions/aglobal42.inc           ;
; alt_synch_counter.tdf            ; yes             ; c:/altera/quartus42/libraries/megafunctions/alt_synch_counter.tdf   ;
; mercury_lcell.inc                ; yes             ; c:/altera/quartus42/libraries/megafunctions/mercury_lcell.inc       ;
; apex20ke_lcell.inc               ; yes             ; c:/altera/quartus42/libraries/megafunctions/apex20ke_lcell.inc      ;
; apex20k_lcell.inc                ; yes             ; c:/altera/quartus42/libraries/megafunctions/apex20k_lcell.inc       ;
; flex6k_lcell.inc                 ; yes             ; c:/altera/quartus42/libraries/megafunctions/flex6k_lcell.inc        ;
; alt_asynch_counter.inc           ; yes             ; c:/altera/quartus42/libraries/megafunctions/alt_asynch_counter.inc  ;
+----------------------------------+-----------------+---------------------------------------------------------------------+


+---------------------------------------------+
; Analysis & Synthesis Resource Usage Summary ;
+-----------------------------------+---------+
; Resource                          ; Usage   ;
+-----------------------------------+---------+
; Logic cells                       ; 98      ;
; Total combinational functions     ; 95      ;
; Total 4-input functions           ; 41      ;
; Total 3-input functions           ; 12      ;
; Total 2-input functions           ; 10      ;
; Total 1-input functions           ; 30      ;
; Total 0-input functions           ; 2       ;
; Combinational cells for routing   ; 0       ;
; Total registers                   ; 46      ;
; Total logic cells in carry chains ; 32      ;
; I/O pins                          ; 10      ;
; Maximum fan-out node              ; rst     ;
; Maximum fan-out                   ; 38      ;
; Total fan-out                     ; 395     ;
; Average fan-out                   ; 3.66    ;
+-----------------------------------+---------+


+----------------------------------------------------------------+
; WYSIWYG Cells                                                  ;
+--------------------------------------------------------+-------+
; Statistic                                              ; Value ;
+--------------------------------------------------------+-------+
; Number of WYSIWYG cells                                ; 32    ;
; Number of synthesis-generated cells                    ; 66    ;
; Number of WYSIWYG LUTs                                 ; 32    ;
; Number of synthesis-generated LUTs                     ; 63    ;
; Number of WYSIWYG registers                            ; 24    ;
; Number of synthesis-generated registers                ; 22    ;
; Number of cells with combinational logic only          ; 52    ;
; Number of cells with registers only                    ; 3     ;
; Number of cells with combinational logic and registers ; 43    ;
+--------------------------------------------------------+-------+


+------------------------------------------------------+
; General Register Statistics                          ;
+----------------------------------------------+-------+
; Statistic                                    ; Value ;
+----------------------------------------------+-------+
; Total registers                              ; 46    ;
; Number of registers using Synchronous Clear  ; 24    ;
; Number of registers using Synchronous Load   ; 0     ;
; Number of registers using Asynchronous Clear ; 29    ;
; Number of registers using Asynchronous Load  ; 0     ;
; Number of registers using Clock Enable       ; 6     ;
; Number of registers using Output Enable      ; 0     ;
; Number of registers using Preset             ; 0     ;
+----------------------------------------------+-------+


+--------------------------------------------------+
; Inverted Register Statistics                     ;
+----------------------------------------+---------+
; Inverted Register                      ; Fan out ;
+----------------------------------------+---------+
; keypad_scan:U0_keypad|clk1             ; 12      ;
; Total number of inverted registers = 1 ;         ;
+----------------------------------------+---------+


+-------------------------------+
; Analysis & Synthesis Messages ;
+-------------------------------+
Info: *******************************************************************
Info: Running Quartus II Analysis & Synthesis
    Info: Version 4.2 Build 157 12/07/2004 SJ Full Version
    Info: Processing started: Fri May 25 15:57:15 2018
Info: Command: quartus_map --import_settings_files=on --export_settings_files=off piezo -c piezo
Warning: This product family is not recommended for new designs. Altera provides newer product families with better cost & performance attributes than ARM-Based Excalibur devices
Warning: Verilog HDL net warning at piezo.v(106): created undeclared net "COM"
Info: Found 3 design units, including 3 entities, in source file piezo.v
    Info: Found entity 1: piezo
    Info: Found entity 2: piezo_tone
    Info: Found entity 3: keypad_scan
Warning: Verilog HDL assignment warning at piezo.v(106): truncated value with size 8 to match size of target (1)
Warning: Verilog HDL assignment warning at piezo.v(113): truncated value with size 15 to match size of target (14)
Warning: Verilog HDL assignment warning at piezo.v(54): truncated value with size 9 to match size of target (8)
Warning: Verilog HDL assignment warning at piezo.v(83): truncated value with size 11 to match size of target (10)
Info: Inferred 2 megafunctions from design logic
    Info: Inferred lpm_counter megafunction (LPM_WIDTH=10) from the following logic: "piezo_tone:U0_piezo_tone|cnt[0]~20"
    Info: Inferred lpm_counter megafunction (LPM_WIDTH=14) from the following logic: "keypad_scan:U0_keypad|counts[0]~28"
Info: Found 1 design units, including 1 entities, in source file c:/altera/quartus42/libraries/megafunctions/lpm_counter.tdf
    Info: Found entity 1: lpm_counter
Info: Found 1 design units, including 1 entities, in source file c:/altera/quartus42/libraries/megafunctions/alt_synch_counter.tdf
    Info: Found entity 1: alt_synch_counter
Info: Registers with preset signals will power-up high
Info: DEV_CLRn pin will set, and not reset, register with preset signal due to NOT Gate Push-Back
Info: Implemented 108 device resources after synthesis - the final resource count might be different
    Info: Implemented 6 input pins
    Info: Implemented 4 output pins
    Info: Implemented 98 logic cells
Info: Quartus II Analysis & Synthesis was successful. 0 errors, 6 warnings
    Info: Processing ended: Fri May 25 15:57:16 2018
    Info: Elapsed time: 00:00:01


