Timing Analyzer report for CHO_SIGYE
Wed May 02 12:57:46 2018
Version 4.2 Build 157 12/07/2004 SJ Full Version


---------------------
; Table of Contents ;
---------------------
  1. Legal Notice
  2. Timing Analyzer Summary
  3. Timing Analyzer Settings
  4. Clock Settings Summary
  5. Clock Setup: 'CLK'
  6. tsu
  7. tco
  8. th
  9. Timing Analyzer Messages



----------------
; Legal Notice ;
----------------
Copyright (C) 1991-2004 Altera Corporation
Any  megafunction  design,  and related netlist (encrypted  or  decrypted),
support information,  device programming or simulation file,  and any other
associated  documentation or information  provided by  Altera  or a partner
under  Altera's   Megafunction   Partnership   Program  may  be  used  only
to program  PLD  devices (but not masked  PLD  devices) from  Altera.   Any
other  use  of such  megafunction  design,  netlist,  support  information,
device programming or simulation file,  or any other  related documentation
or information  is prohibited  for  any  other purpose,  including, but not
limited to  modification,  reverse engineering,  de-compiling, or use  with
any other  silicon devices,  unless such use is  explicitly  licensed under
a separate agreement with  Altera  or a megafunction partner.  Title to the
intellectual property,  including patents,  copyrights,  trademarks,  trade
secrets,  or maskworks,  embodied in any such megafunction design, netlist,
support  information,  device programming or simulation file,  or any other
related documentation or information provided by  Altera  or a megafunction
partner, remains with Altera, the megafunction partner, or their respective
licensors. No other licenses, including any licenses needed under any third
party's intellectual property, are provided herein.



+----------------------------------------------------------------------------------------------------------------------------------------------------------------+
; Timing Analyzer Summary                                                                                                                                        ;
+------------------------------+-------+---------------+----------------------------------+--------------+----------------+------------+----------+--------------+
; Type                         ; Slack ; Required Time ; Actual Time                      ; From         ; To             ; From Clock ; To Clock ; Failed Paths ;
+------------------------------+-------+---------------+----------------------------------+--------------+----------------+------------+----------+--------------+
; Worst-case tsu               ; N/A   ; None          ; 8.358 ns                         ; RESET        ; CLK_COUNT2[27] ;            ; CLK      ; 0            ;
; Worst-case tco               ; N/A   ; None          ; 26.012 ns                        ; SEL_SEG[0]   ; SEG_C[0]       ; CLK        ;          ; 0            ;
; Worst-case th                ; N/A   ; None          ; -7.514 ns                        ; RESET        ; CLK_COUNT2[11] ;            ; CLK      ; 0            ;
; Clock Setup: 'CLK'           ; N/A   ; None          ; 102.35 MHz ( period = 9.770 ns ) ; CLK_COUNT[0] ; CLK_COUNT[17]  ; CLK        ; CLK      ; 0            ;
; Total number of failed paths ;       ;               ;                                  ;              ;                ;            ;          ; 0            ;
+------------------------------+-------+---------------+----------------------------------+--------------+----------------+------------+----------+--------------+


+------------------------------------------------------------------------------------------------------+
; Timing Analyzer Settings                                                                             ;
+-------------------------------------------------------+--------------------+------+----+-------------+
; Option                                                ; Setting            ; From ; To ; Entity Name ;
+-------------------------------------------------------+--------------------+------+----+-------------+
; Device Name                                           ; EPXA4F672C3        ;      ;    ;             ;
; Timing Models                                         ; Final              ;      ;    ;             ;
; Number of source nodes to report per destination node ; 10                 ;      ;    ;             ;
; Number of destination nodes to report                 ; 10                 ;      ;    ;             ;
; Number of paths to report                             ; 200                ;      ;    ;             ;
; Report Minumum Timing Checks                          ; Off                ;      ;    ;             ;
; Use Fast Timing Models                                ; Off                ;      ;    ;             ;
; Report IO Paths Separately                            ; Off                ;      ;    ;             ;
; Clock Analysis Only                                   ; Off                ;      ;    ;             ;
; Default hold multicycle                               ; Same as Multicycle ;      ;    ;             ;
; Cut paths between unrelated clock domains             ; On                 ;      ;    ;             ;
; Cut off read during write signal paths                ; On                 ;      ;    ;             ;
; Cut off clear and preset signal paths                 ; On                 ;      ;    ;             ;
; Cut off feedback from I/O pins                        ; On                 ;      ;    ;             ;
; Ignore Clock Settings                                 ; Off                ;      ;    ;             ;
; Analyze latches as synchronous elements               ; Off                ;      ;    ;             ;
; Do Min/Max analysis using Rise/Fall delays            ; Off                ;      ;    ;             ;
; Enable Recovery/Removal analysis                      ; Off                ;      ;    ;             ;
; Use Clock Latency for PLL offset                      ; Off                ;      ;    ;             ;
+-------------------------------------------------------+--------------------+------+----+-------------+


+--------------------------------------------------------------------------------------------------------------------------------------+
; Clock Settings Summary                                                                                                               ;
+-----------------+--------------------+----------+------------------+----------+-----------------------+---------------------+--------+
; Clock Node Name ; Clock Setting Name ; Type     ; Fmax Requirement ; Based on ; Multiply Base Fmax by ; Divide Base Fmax by ; Offset ;
+-----------------+--------------------+----------+------------------+----------+-----------------------+---------------------+--------+
; CLK             ;                    ; User Pin ; NONE             ; NONE     ; N/A                   ; N/A                 ; N/A    ;
+-----------------+--------------------+----------+------------------+----------+-----------------------+---------------------+--------+


+---------------------------------------------------------------------------------------------------------------------------------------------------------------------------------------------------------------------------------------------+
; Clock Setup: 'CLK'                                                                                                                                                                                                                          ;
+-----------------------------------------+-----------------------------------------------------+----------------+----------------+------------+----------+-----------------------------+---------------------------+-------------------------+
; Slack                                   ; Actual fmax (period)                                ; From           ; To             ; From Clock ; To Clock ; Required Setup Relationship ; Required Longest P2P Time ; Actual Longest P2P Time ;
+-----------------------------------------+-----------------------------------------------------+----------------+----------------+------------+----------+-----------------------------+---------------------------+-------------------------+
; N/A                                     ; 102.35 MHz ( period = 9.770 ns )                    ; CLK_COUNT[0]   ; CLK_COUNT[17]  ; CLK        ; CLK      ; None                        ; None                      ; 9.204 ns                ;
; N/A                                     ; 103.70 MHz ( period = 9.643 ns )                    ; CLK_COUNT[0]   ; CLK_COUNT[16]  ; CLK        ; CLK      ; None                        ; None                      ; 9.077 ns                ;
; N/A                                     ; 104.11 MHz ( period = 9.605 ns )                    ; CLK_COUNT[1]   ; CLK_COUNT[17]  ; CLK        ; CLK      ; None                        ; None                      ; 9.039 ns                ;
; N/A                                     ; 105.32 MHz ( period = 9.495 ns )                    ; CLK_COUNT[0]   ; CLK_COUNT[15]  ; CLK        ; CLK      ; None                        ; None                      ; 8.929 ns                ;
; N/A                                     ; 105.51 MHz ( period = 9.478 ns )                    ; CLK_COUNT[1]   ; CLK_COUNT[16]  ; CLK        ; CLK      ; None                        ; None                      ; 8.912 ns                ;
; N/A                                     ; 106.92 MHz ( period = 9.353 ns )                    ; CLK_COUNT[0]   ; CLK_COUNT2[24] ; CLK        ; CLK      ; None                        ; None                      ; 8.784 ns                ;
; N/A                                     ; 107.18 MHz ( period = 9.330 ns )                    ; CLK_COUNT[1]   ; CLK_COUNT[15]  ; CLK        ; CLK      ; None                        ; None                      ; 8.764 ns                ;
; N/A                                     ; 107.43 MHz ( period = 9.308 ns )                    ; CLK_COUNT[3]   ; CLK_COUNT[17]  ; CLK        ; CLK      ; None                        ; None                      ; 8.742 ns                ;
; N/A                                     ; 107.97 MHz ( period = 9.262 ns )                    ; CLK_COUNT[0]   ; CLK_COUNT[18]  ; CLK        ; CLK      ; None                        ; None                      ; 8.696 ns                ;
; N/A                                     ; 108.40 MHz ( period = 9.225 ns )                    ; CLK_COUNT[0]   ; CLK_COUNT[14]  ; CLK        ; CLK      ; None                        ; None                      ; 8.659 ns                ;
; N/A                                     ; 108.92 MHz ( period = 9.181 ns )                    ; CLK_COUNT[3]   ; CLK_COUNT[16]  ; CLK        ; CLK      ; None                        ; None                      ; 8.615 ns                ;
; N/A                                     ; 109.65 MHz ( period = 9.120 ns )                    ; CLK_COUNT[0]   ; CLK_COUNT2[27] ; CLK        ; CLK      ; None                        ; None                      ; 8.551 ns                ;
; N/A                                     ; 109.93 MHz ( period = 9.097 ns )                    ; CLK_COUNT[1]   ; CLK_COUNT[18]  ; CLK        ; CLK      ; None                        ; None                      ; 8.531 ns                ;
; N/A                                     ; 110.17 MHz ( period = 9.077 ns )                    ; CLK_COUNT[0]   ; CLK_COUNT[13]  ; CLK        ; CLK      ; None                        ; None                      ; 8.511 ns                ;
; N/A                                     ; 110.38 MHz ( period = 9.060 ns )                    ; CLK_COUNT[1]   ; CLK_COUNT[14]  ; CLK        ; CLK      ; None                        ; None                      ; 8.494 ns                ;
; N/A                                     ; 110.41 MHz ( period = 9.057 ns )                    ; CLK_COUNT[0]   ; CLK_COUNT2[22] ; CLK        ; CLK      ; None                        ; None                      ; 8.488 ns                ;
; N/A                                     ; 110.71 MHz ( period = 9.033 ns )                    ; CLK_COUNT[3]   ; CLK_COUNT[15]  ; CLK        ; CLK      ; None                        ; None                      ; 8.467 ns                ;
; N/A                                     ; 111.20 MHz ( period = 8.993 ns )                    ; CLK_COUNT[0]   ; CLK_COUNT2[26] ; CLK        ; CLK      ; None                        ; None                      ; 8.424 ns                ;
; N/A                                     ; 111.99 MHz ( period = 8.929 ns )                    ; CLK_COUNT[0]   ; CLK_COUNT[12]  ; CLK        ; CLK      ; None                        ; None                      ; 8.363 ns                ;
; N/A                                     ; 112.21 MHz ( period = 8.912 ns )                    ; CLK_COUNT[1]   ; CLK_COUNT[13]  ; CLK        ; CLK      ; None                        ; None                      ; 8.346 ns                ;
; N/A                                     ; 112.25 MHz ( period = 8.909 ns )                    ; CLK_COUNT[0]   ; CLK_COUNT2[21] ; CLK        ; CLK      ; None                        ; None                      ; 8.340 ns                ;
; N/A                                     ; 112.37 MHz ( period = 8.899 ns )                    ; CLK_COUNT2[4]  ; CLK_COUNT2[24] ; CLK        ; CLK      ; None                        ; None                      ; 8.330 ns                ;
; N/A                                     ; 112.79 MHz ( period = 8.866 ns )                    ; CLK_COUNT[2]   ; CLK_COUNT[17]  ; CLK        ; CLK      ; None                        ; None                      ; 8.300 ns                ;
; N/A                                     ; 113.06 MHz ( period = 8.845 ns )                    ; CLK_COUNT[0]   ; CLK_COUNT2[25] ; CLK        ; CLK      ; None                        ; None                      ; 8.276 ns                ;
; N/A                                     ; 113.64 MHz ( period = 8.800 ns )                    ; CLK_COUNT[3]   ; CLK_COUNT[18]  ; CLK        ; CLK      ; None                        ; None                      ; 8.234 ns                ;
; N/A                                     ; 113.88 MHz ( period = 8.781 ns )                    ; CLK_COUNT[0]   ; CLK_COUNT[11]  ; CLK        ; CLK      ; None                        ; None                      ; 8.215 ns                ;
; N/A                                     ; 114.10 MHz ( period = 8.764 ns )                    ; CLK_COUNT[1]   ; CLK_COUNT[12]  ; CLK        ; CLK      ; None                        ; None                      ; 8.198 ns                ;
; N/A                                     ; 114.12 MHz ( period = 8.763 ns )                    ; CLK_COUNT[3]   ; CLK_COUNT[14]  ; CLK        ; CLK      ; None                        ; None                      ; 8.197 ns                ;
; N/A                                     ; 114.14 MHz ( period = 8.761 ns )                    ; CLK_COUNT[0]   ; CLK_COUNT2[20] ; CLK        ; CLK      ; None                        ; None                      ; 8.192 ns                ;
; N/A                                     ; 114.43 MHz ( period = 8.739 ns )                    ; CLK_COUNT[2]   ; CLK_COUNT[16]  ; CLK        ; CLK      ; None                        ; None                      ; 8.173 ns                ;
; N/A                                     ; 114.77 MHz ( period = 8.713 ns )                    ; CLK_COUNT[1]   ; CLK_COUNT2[24] ; CLK        ; CLK      ; None                        ; None                      ; 8.144 ns                ;
; N/A                                     ; 115.39 MHz ( period = 8.666 ns )                    ; CLK_COUNT2[4]  ; CLK_COUNT2[27] ; CLK        ; CLK      ; None                        ; None                      ; 8.097 ns                ;
; N/A                                     ; 116.06 MHz ( period = 8.616 ns )                    ; CLK_COUNT[1]   ; CLK_COUNT[11]  ; CLK        ; CLK      ; None                        ; None                      ; 8.050 ns                ;
; N/A                                     ; 116.08 MHz ( period = 8.615 ns )                    ; CLK_COUNT[3]   ; CLK_COUNT[13]  ; CLK        ; CLK      ; None                        ; None                      ; 8.049 ns                ;
; N/A                                     ; 116.10 MHz ( period = 8.613 ns )                    ; CLK_COUNT[0]   ; CLK_COUNT2[19] ; CLK        ; CLK      ; None                        ; None                      ; 8.044 ns                ;
; N/A                                     ; 116.24 MHz ( period = 8.603 ns )                    ; CLK_COUNT2[4]  ; CLK_COUNT2[22] ; CLK        ; CLK      ; None                        ; None                      ; 8.034 ns                ;
; N/A                                     ; 116.24 MHz ( period = 8.603 ns )                    ; CLK_COUNT2[6]  ; CLK_COUNT2[24] ; CLK        ; CLK      ; None                        ; None                      ; 8.034 ns                ;
; N/A                                     ; 116.40 MHz ( period = 8.591 ns )                    ; CLK_COUNT[2]   ; CLK_COUNT[15]  ; CLK        ; CLK      ; None                        ; None                      ; 8.025 ns                ;
; N/A                                     ; 116.97 MHz ( period = 8.549 ns )                    ; CLK_COUNT[0]   ; CLK_COUNT2[23] ; CLK        ; CLK      ; None                        ; None                      ; 7.980 ns                ;
; N/A                                     ; 116.99 MHz ( period = 8.548 ns )                    ; CLK_COUNT[2]   ; CLK_COUNT2[24] ; CLK        ; CLK      ; None                        ; None                      ; 7.979 ns                ;
; N/A                                     ; 117.11 MHz ( period = 8.539 ns )                    ; CLK_COUNT2[4]  ; CLK_COUNT2[26] ; CLK        ; CLK      ; None                        ; None                      ; 7.970 ns                ;
; N/A                                     ; 117.92 MHz ( period = 8.480 ns )                    ; CLK_COUNT[1]   ; CLK_COUNT2[27] ; CLK        ; CLK      ; None                        ; None                      ; 7.911 ns                ;
; N/A                                     ; 118.11 MHz ( period = 8.467 ns )                    ; CLK_COUNT[3]   ; CLK_COUNT[12]  ; CLK        ; CLK      ; None                        ; None                      ; 7.901 ns                ;
; N/A                                     ; 118.27 MHz ( period = 8.455 ns )                    ; CLK_COUNT2[4]  ; CLK_COUNT2[21] ; CLK        ; CLK      ; None                        ; None                      ; 7.886 ns                ;
; N/A                                     ; 118.57 MHz ( period = 8.434 ns )                    ; CLK_COUNT2[7]  ; CLK_COUNT2[24] ; CLK        ; CLK      ; None                        ; None                      ; 7.865 ns                ;
; N/A                                     ; 118.71 MHz ( period = 8.424 ns )                    ; CLK_COUNT[3]   ; CLK_COUNT2[24] ; CLK        ; CLK      ; None                        ; None                      ; 7.855 ns                ;
; N/A                                     ; 118.81 MHz ( period = 8.417 ns )                    ; CLK_COUNT[1]   ; CLK_COUNT2[22] ; CLK        ; CLK      ; None                        ; None                      ; 7.848 ns                ;
; N/A                                     ; 118.85 MHz ( period = 8.414 ns )                    ; CLK_COUNT[0]   ; CLK_COUNT[3]   ; CLK        ; CLK      ; None                        ; None                      ; 7.845 ns                ;
; N/A                                     ; 119.18 MHz ( period = 8.391 ns )                    ; CLK_COUNT2[4]  ; CLK_COUNT2[25] ; CLK        ; CLK      ; None                        ; None                      ; 7.822 ns                ;
; N/A                                     ; 119.47 MHz ( period = 8.370 ns )                    ; CLK_COUNT2[6]  ; CLK_COUNT2[27] ; CLK        ; CLK      ; None                        ; None                      ; 7.801 ns                ;
; N/A                                     ; 119.65 MHz ( period = 8.358 ns )                    ; CLK_COUNT[2]   ; CLK_COUNT[18]  ; CLK        ; CLK      ; None                        ; None                      ; 7.792 ns                ;
; N/A                                     ; 119.72 MHz ( period = 8.353 ns )                    ; CLK_COUNT[1]   ; CLK_COUNT2[26] ; CLK        ; CLK      ; None                        ; None                      ; 7.784 ns                ;
; N/A                                     ; 120.18 MHz ( period = 8.321 ns )                    ; CLK_COUNT[2]   ; CLK_COUNT[14]  ; CLK        ; CLK      ; None                        ; None                      ; 7.755 ns                ;
; N/A                                     ; 120.21 MHz ( period = 8.319 ns )                    ; CLK_COUNT[3]   ; CLK_COUNT[11]  ; CLK        ; CLK      ; None                        ; None                      ; 7.753 ns                ;
; N/A                                     ; 120.26 MHz ( period = 8.315 ns )                    ; CLK_COUNT[2]   ; CLK_COUNT2[27] ; CLK        ; CLK      ; None                        ; None                      ; 7.746 ns                ;
; N/A                                     ; 120.38 MHz ( period = 8.307 ns )                    ; CLK_COUNT2[6]  ; CLK_COUNT2[22] ; CLK        ; CLK      ; None                        ; None                      ; 7.738 ns                ;
; N/A                                     ; 120.38 MHz ( period = 8.307 ns )                    ; CLK_COUNT2[4]  ; CLK_COUNT2[20] ; CLK        ; CLK      ; None                        ; None                      ; 7.738 ns                ;
; N/A                                     ; 120.38 MHz ( period = 8.307 ns )                    ; CLK_COUNT2[9]  ; CLK_COUNT2[24] ; CLK        ; CLK      ; None                        ; None                      ; 7.738 ns                ;
; N/A                                     ; 120.69 MHz ( period = 8.286 ns )                    ; CLK_COUNT2[8]  ; CLK_COUNT2[24] ; CLK        ; CLK      ; None                        ; None                      ; 7.717 ns                ;
; N/A                                     ; 120.93 MHz ( period = 8.269 ns )                    ; CLK_COUNT[1]   ; CLK_COUNT2[21] ; CLK        ; CLK      ; None                        ; None                      ; 7.700 ns                ;
; N/A                                     ; 121.18 MHz ( period = 8.252 ns )                    ; CLK_COUNT[2]   ; CLK_COUNT2[22] ; CLK        ; CLK      ; None                        ; None                      ; 7.683 ns                ;
; N/A                                     ; 121.23 MHz ( period = 8.249 ns )                    ; CLK_COUNT[1]   ; CLK_COUNT[3]   ; CLK        ; CLK      ; None                        ; None                      ; 7.680 ns                ;
; N/A                                     ; 121.24 MHz ( period = 8.248 ns )                    ; CLK_COUNT[0]   ; CLK_COUNT[2]   ; CLK        ; CLK      ; None                        ; None                      ; 7.679 ns                ;
; N/A                                     ; 121.32 MHz ( period = 8.243 ns )                    ; CLK_COUNT2[6]  ; CLK_COUNT2[26] ; CLK        ; CLK      ; None                        ; None                      ; 7.674 ns                ;
; N/A                                     ; 121.88 MHz ( period = 8.205 ns )                    ; CLK_COUNT[1]   ; CLK_COUNT2[25] ; CLK        ; CLK      ; None                        ; None                      ; 7.636 ns                ;
; N/A                                     ; 121.94 MHz ( period = 8.201 ns )                    ; CLK_COUNT2[7]  ; CLK_COUNT2[27] ; CLK        ; CLK      ; None                        ; None                      ; 7.632 ns                ;
; N/A                                     ; 122.09 MHz ( period = 8.191 ns )                    ; CLK_COUNT[3]   ; CLK_COUNT2[27] ; CLK        ; CLK      ; None                        ; None                      ; 7.622 ns                ;
; N/A                                     ; 122.13 MHz ( period = 8.188 ns )                    ; CLK_COUNT[2]   ; CLK_COUNT2[26] ; CLK        ; CLK      ; None                        ; None                      ; 7.619 ns                ;
; N/A                                     ; 122.23 MHz ( period = 8.181 ns )                    ; CLK_COUNT2[10] ; CLK_COUNT2[24] ; CLK        ; CLK      ; None                        ; None                      ; 7.612 ns                ;
; N/A                                     ; 122.35 MHz ( period = 8.173 ns )                    ; CLK_COUNT[2]   ; CLK_COUNT[13]  ; CLK        ; CLK      ; None                        ; None                      ; 7.607 ns                ;
; N/A                                     ; 122.56 MHz ( period = 8.159 ns )                    ; CLK_COUNT2[4]  ; CLK_COUNT2[19] ; CLK        ; CLK      ; None                        ; None                      ; 7.590 ns                ;
; N/A                                     ; 122.56 MHz ( period = 8.159 ns )                    ; CLK_COUNT2[6]  ; CLK_COUNT2[21] ; CLK        ; CLK      ; None                        ; None                      ; 7.590 ns                ;
; N/A                                     ; 122.88 MHz ( period = 8.138 ns )                    ; CLK_COUNT2[7]  ; CLK_COUNT2[22] ; CLK        ; CLK      ; None                        ; None                      ; 7.569 ns                ;
; N/A                                     ; 123.03 MHz ( period = 8.128 ns )                    ; CLK_COUNT[3]   ; CLK_COUNT2[22] ; CLK        ; CLK      ; None                        ; None                      ; 7.559 ns                ;
; N/A                                     ; 123.14 MHz ( period = 8.121 ns )                    ; CLK_COUNT[1]   ; CLK_COUNT2[20] ; CLK        ; CLK      ; None                        ; None                      ; 7.552 ns                ;
; N/A                                     ; 123.18 MHz ( period = 8.118 ns )                    ; CLK_COUNT2[5]  ; CLK_COUNT2[24] ; CLK        ; CLK      ; None                        ; None                      ; 7.549 ns                ;
; N/A                                     ; 123.40 MHz ( period = 8.104 ns )                    ; CLK_COUNT[2]   ; CLK_COUNT2[21] ; CLK        ; CLK      ; None                        ; None                      ; 7.535 ns                ;
; N/A                                     ; 123.47 MHz ( period = 8.099 ns )                    ; CLK_COUNT[0]   ; CLK_COUNT[10]  ; CLK        ; CLK      ; None                        ; None                      ; 7.533 ns                ;
; N/A                                     ; 123.53 MHz ( period = 8.095 ns )                    ; CLK_COUNT2[4]  ; CLK_COUNT2[23] ; CLK        ; CLK      ; None                        ; None                      ; 7.526 ns                ;
; N/A                                     ; 123.53 MHz ( period = 8.095 ns )                    ; CLK_COUNT2[6]  ; CLK_COUNT2[25] ; CLK        ; CLK      ; None                        ; None                      ; 7.526 ns                ;
; N/A                                     ; 123.56 MHz ( period = 8.093 ns )                    ; CLK_COUNT[0]   ; CLK_COUNT[1]   ; CLK        ; CLK      ; None                        ; None                      ; 7.524 ns                ;
; N/A                                     ; 123.72 MHz ( period = 8.083 ns )                    ; CLK_COUNT[1]   ; CLK_COUNT[2]   ; CLK        ; CLK      ; None                        ; None                      ; 7.514 ns                ;
; N/A                                     ; 123.85 MHz ( period = 8.074 ns )                    ; CLK_COUNT2[7]  ; CLK_COUNT2[26] ; CLK        ; CLK      ; None                        ; None                      ; 7.505 ns                ;
; N/A                                     ; 123.85 MHz ( period = 8.074 ns )                    ; CLK_COUNT2[9]  ; CLK_COUNT2[27] ; CLK        ; CLK      ; None                        ; None                      ; 7.505 ns                ;
; N/A                                     ; 123.96 MHz ( period = 8.067 ns )                    ; CLK_COUNT[2]   ; CLK_COUNT[7]   ; CLK        ; CLK      ; None                        ; None                      ; 7.501 ns                ;
; N/A                                     ; 124.01 MHz ( period = 8.064 ns )                    ; CLK_COUNT[3]   ; CLK_COUNT2[26] ; CLK        ; CLK      ; None                        ; None                      ; 7.495 ns                ;
; N/A                                     ; 124.16 MHz ( period = 8.054 ns )                    ; CLK_COUNT2[11] ; CLK_COUNT2[24] ; CLK        ; CLK      ; None                        ; None                      ; 7.485 ns                ;
; N/A                                     ; 124.18 MHz ( period = 8.053 ns )                    ; CLK_COUNT2[8]  ; CLK_COUNT2[27] ; CLK        ; CLK      ; None                        ; None                      ; 7.484 ns                ;
; N/A                                     ; 124.38 MHz ( period = 8.040 ns )                    ; CLK_COUNT[2]   ; CLK_COUNT2[25] ; CLK        ; CLK      ; None                        ; None                      ; 7.471 ns                ;
; N/A                                     ; 124.61 MHz ( period = 8.025 ns )                    ; CLK_COUNT[2]   ; CLK_COUNT[12]  ; CLK        ; CLK      ; None                        ; None                      ; 7.459 ns                ;
; N/A                                     ; 124.83 MHz ( period = 8.011 ns )                    ; CLK_COUNT2[9]  ; CLK_COUNT2[22] ; CLK        ; CLK      ; None                        ; None                      ; 7.442 ns                ;
; N/A                                     ; 124.83 MHz ( period = 8.011 ns )                    ; CLK_COUNT2[6]  ; CLK_COUNT2[20] ; CLK        ; CLK      ; None                        ; None                      ; 7.442 ns                ;
; N/A                                     ; 125.16 MHz ( period = 7.990 ns )                    ; CLK_COUNT2[8]  ; CLK_COUNT2[22] ; CLK        ; CLK      ; None                        ; None                      ; 7.421 ns                ;
; N/A                                     ; 125.16 MHz ( period = 7.990 ns )                    ; CLK_COUNT2[7]  ; CLK_COUNT2[21] ; CLK        ; CLK      ; None                        ; None                      ; 7.421 ns                ;
; N/A                                     ; 125.31 MHz ( period = 7.980 ns )                    ; CLK_COUNT[3]   ; CLK_COUNT2[21] ; CLK        ; CLK      ; None                        ; None                      ; 7.411 ns                ;
; N/A                                     ; 125.42 MHz ( period = 7.973 ns )                    ; CLK_COUNT[1]   ; CLK_COUNT2[19] ; CLK        ; CLK      ; None                        ; None                      ; 7.404 ns                ;
; N/A                                     ; 125.69 MHz ( period = 7.956 ns )                    ; CLK_COUNT[2]   ; CLK_COUNT2[20] ; CLK        ; CLK      ; None                        ; None                      ; 7.387 ns                ;
; N/A                                     ; 125.77 MHz ( period = 7.951 ns )                    ; CLK_COUNT[0]   ; CLK_COUNT[9]   ; CLK        ; CLK      ; None                        ; None                      ; 7.385 ns                ;
; N/A                                     ; 125.82 MHz ( period = 7.948 ns )                    ; CLK_COUNT2[10] ; CLK_COUNT2[27] ; CLK        ; CLK      ; None                        ; None                      ; 7.379 ns                ;
; N/A                                     ; 125.83 MHz ( period = 7.947 ns )                    ; CLK_COUNT2[9]  ; CLK_COUNT2[26] ; CLK        ; CLK      ; None                        ; None                      ; 7.378 ns                ;
; N/A                                     ; 126.04 MHz ( period = 7.934 ns )                    ; CLK_COUNT[1]   ; CLK_COUNT[10]  ; CLK        ; CLK      ; None                        ; None                      ; 7.368 ns                ;
; N/A                                     ; 126.17 MHz ( period = 7.926 ns )                    ; CLK_COUNT2[7]  ; CLK_COUNT2[25] ; CLK        ; CLK      ; None                        ; None                      ; 7.357 ns                ;
; N/A                                     ; 126.17 MHz ( period = 7.926 ns )                    ; CLK_COUNT2[8]  ; CLK_COUNT2[26] ; CLK        ; CLK      ; None                        ; None                      ; 7.357 ns                ;
; N/A                                     ; 126.33 MHz ( period = 7.916 ns )                    ; CLK_COUNT[3]   ; CLK_COUNT2[25] ; CLK        ; CLK      ; None                        ; None                      ; 7.347 ns                ;
; N/A                                     ; 126.44 MHz ( period = 7.909 ns )                    ; CLK_COUNT[1]   ; CLK_COUNT2[23] ; CLK        ; CLK      ; None                        ; None                      ; 7.340 ns                ;
; N/A                                     ; 126.82 MHz ( period = 7.885 ns )                    ; CLK_COUNT2[10] ; CLK_COUNT2[22] ; CLK        ; CLK      ; None                        ; None                      ; 7.316 ns                ;
; N/A                                     ; 126.82 MHz ( period = 7.885 ns )                    ; CLK_COUNT2[5]  ; CLK_COUNT2[27] ; CLK        ; CLK      ; None                        ; None                      ; 7.316 ns                ;
; N/A                                     ; 126.95 MHz ( period = 7.877 ns )                    ; CLK_COUNT[2]   ; CLK_COUNT[11]  ; CLK        ; CLK      ; None                        ; None                      ; 7.311 ns                ;
; N/A                                     ; 127.18 MHz ( period = 7.863 ns )                    ; CLK_COUNT2[6]  ; CLK_COUNT2[19] ; CLK        ; CLK      ; None                        ; None                      ; 7.294 ns                ;
; N/A                                     ; 127.18 MHz ( period = 7.863 ns )                    ; CLK_COUNT2[9]  ; CLK_COUNT2[21] ; CLK        ; CLK      ; None                        ; None                      ; 7.294 ns                ;
; N/A                                     ; 127.52 MHz ( period = 7.842 ns )                    ; CLK_COUNT2[8]  ; CLK_COUNT2[21] ; CLK        ; CLK      ; None                        ; None                      ; 7.273 ns                ;
; N/A                                     ; 127.52 MHz ( period = 7.842 ns )                    ; CLK_COUNT2[7]  ; CLK_COUNT2[20] ; CLK        ; CLK      ; None                        ; None                      ; 7.273 ns                ;
; N/A                                     ; 127.68 MHz ( period = 7.832 ns )                    ; CLK_COUNT[3]   ; CLK_COUNT2[20] ; CLK        ; CLK      ; None                        ; None                      ; 7.263 ns                ;
; N/A                                     ; 127.84 MHz ( period = 7.822 ns )                    ; CLK_COUNT2[5]  ; CLK_COUNT2[22] ; CLK        ; CLK      ; None                        ; None                      ; 7.253 ns                ;
; N/A                                     ; 127.86 MHz ( period = 7.821 ns )                    ; CLK_COUNT2[10] ; CLK_COUNT2[26] ; CLK        ; CLK      ; None                        ; None                      ; 7.252 ns                ;
; N/A                                     ; 127.86 MHz ( period = 7.821 ns )                    ; CLK_COUNT2[11] ; CLK_COUNT2[27] ; CLK        ; CLK      ; None                        ; None                      ; 7.252 ns                ;
; N/A                                     ; 127.98 MHz ( period = 7.814 ns )                    ; CLK_COUNT[2]   ; CLK_COUNT[4]   ; CLK        ; CLK      ; None                        ; None                      ; 7.248 ns                ;
; N/A                                     ; 128.07 MHz ( period = 7.808 ns )                    ; CLK_COUNT[2]   ; CLK_COUNT2[19] ; CLK        ; CLK      ; None                        ; None                      ; 7.239 ns                ;
; N/A                                     ; 128.19 MHz ( period = 7.801 ns )                    ; CLK_COUNT[0]   ; CLK_COUNT2[17] ; CLK        ; CLK      ; None                        ; None                      ; 7.232 ns                ;
; N/A                                     ; 128.21 MHz ( period = 7.800 ns )                    ; CLK_COUNT[0]   ; CLK_COUNT2[18] ; CLK        ; CLK      ; None                        ; None                      ; 7.231 ns                ;
; N/A                                     ; 128.22 MHz ( period = 7.799 ns )                    ; CLK_COUNT2[6]  ; CLK_COUNT2[23] ; CLK        ; CLK      ; None                        ; None                      ; 7.230 ns                ;
; N/A                                     ; 128.22 MHz ( period = 7.799 ns )                    ; CLK_COUNT2[9]  ; CLK_COUNT2[25] ; CLK        ; CLK      ; None                        ; None                      ; 7.230 ns                ;
; N/A                                     ; 128.44 MHz ( period = 7.786 ns )                    ; CLK_COUNT[1]   ; CLK_COUNT[9]   ; CLK        ; CLK      ; None                        ; None                      ; 7.220 ns                ;
; N/A                                     ; 128.57 MHz ( period = 7.778 ns )                    ; CLK_COUNT2[8]  ; CLK_COUNT2[25] ; CLK        ; CLK      ; None                        ; None                      ; 7.209 ns                ;
; N/A                                     ; 128.90 MHz ( period = 7.758 ns )                    ; CLK_COUNT2[11] ; CLK_COUNT2[22] ; CLK        ; CLK      ; None                        ; None                      ; 7.189 ns                ;
; N/A                                     ; 128.90 MHz ( period = 7.758 ns )                    ; CLK_COUNT2[5]  ; CLK_COUNT2[26] ; CLK        ; CLK      ; None                        ; None                      ; 7.189 ns                ;
; N/A                                     ; 129.00 MHz ( period = 7.752 ns )                    ; CLK_COUNT2[13] ; CLK_COUNT2[24] ; CLK        ; CLK      ; None                        ; None                      ; 7.183 ns                ;
; N/A                                     ; 129.13 MHz ( period = 7.744 ns )                    ; CLK_COUNT[2]   ; CLK_COUNT2[23] ; CLK        ; CLK      ; None                        ; None                      ; 7.175 ns                ;
; N/A                                     ; 129.25 MHz ( period = 7.737 ns )                    ; CLK_COUNT2[10] ; CLK_COUNT2[21] ; CLK        ; CLK      ; None                        ; None                      ; 7.168 ns                ;
; N/A                                     ; 129.62 MHz ( period = 7.715 ns )                    ; CLK_COUNT2[9]  ; CLK_COUNT2[20] ; CLK        ; CLK      ; None                        ; None                      ; 7.146 ns                ;
; N/A                                     ; 129.97 MHz ( period = 7.694 ns )                    ; CLK_COUNT2[7]  ; CLK_COUNT2[19] ; CLK        ; CLK      ; None                        ; None                      ; 7.125 ns                ;
; N/A                                     ; 129.97 MHz ( period = 7.694 ns )                    ; CLK_COUNT2[8]  ; CLK_COUNT2[20] ; CLK        ; CLK      ; None                        ; None                      ; 7.125 ns                ;
; N/A                                     ; 129.97 MHz ( period = 7.694 ns )                    ; CLK_COUNT2[11] ; CLK_COUNT2[26] ; CLK        ; CLK      ; None                        ; None                      ; 7.125 ns                ;
; N/A                                     ; 130.14 MHz ( period = 7.684 ns )                    ; CLK_COUNT[3]   ; CLK_COUNT2[19] ; CLK        ; CLK      ; None                        ; None                      ; 7.115 ns                ;
; N/A                                     ; 130.31 MHz ( period = 7.674 ns )                    ; CLK_COUNT2[5]  ; CLK_COUNT2[21] ; CLK        ; CLK      ; None                        ; None                      ; 7.105 ns                ;
; N/A                                     ; 130.33 MHz ( period = 7.673 ns )                    ; CLK_COUNT2[10] ; CLK_COUNT2[25] ; CLK        ; CLK      ; None                        ; None                      ; 7.104 ns                ;
; N/A                                     ; 130.94 MHz ( period = 7.637 ns )                    ; CLK_COUNT[3]   ; CLK_COUNT[10]  ; CLK        ; CLK      ; None                        ; None                      ; 7.071 ns                ;
; N/A                                     ; 131.06 MHz ( period = 7.630 ns )                    ; CLK_COUNT2[7]  ; CLK_COUNT2[23] ; CLK        ; CLK      ; None                        ; None                      ; 7.061 ns                ;
; N/A                                     ; 131.23 MHz ( period = 7.620 ns )                    ; CLK_COUNT[3]   ; CLK_COUNT2[23] ; CLK        ; CLK      ; None                        ; None                      ; 7.051 ns                ;
; N/A                                     ; 131.41 MHz ( period = 7.610 ns )                    ; CLK_COUNT2[11] ; CLK_COUNT2[21] ; CLK        ; CLK      ; None                        ; None                      ; 7.041 ns                ;
; N/A                                     ; 131.41 MHz ( period = 7.610 ns )                    ; CLK_COUNT2[5]  ; CLK_COUNT2[25] ; CLK        ; CLK      ; None                        ; None                      ; 7.041 ns                ;
; N/A                                     ; 131.77 MHz ( period = 7.589 ns )                    ; CLK_COUNT2[10] ; CLK_COUNT2[20] ; CLK        ; CLK      ; None                        ; None                      ; 7.020 ns                ;
; N/A                                     ; 132.15 MHz ( period = 7.567 ns )                    ; CLK_COUNT2[9]  ; CLK_COUNT2[19] ; CLK        ; CLK      ; None                        ; None                      ; 6.998 ns                ;
; N/A                                     ; 132.52 MHz ( period = 7.546 ns )                    ; CLK_COUNT2[8]  ; CLK_COUNT2[19] ; CLK        ; CLK      ; None                        ; None                      ; 6.977 ns                ;
; N/A                                     ; 132.52 MHz ( period = 7.546 ns )                    ; CLK_COUNT2[11] ; CLK_COUNT2[25] ; CLK        ; CLK      ; None                        ; None                      ; 6.977 ns                ;
; N/A                                     ; 132.66 MHz ( period = 7.538 ns )                    ; CLK_COUNT[0]   ; CLK_COUNT[7]   ; CLK        ; CLK      ; None                        ; None                      ; 6.972 ns                ;
; N/A                                     ; 132.87 MHz ( period = 7.526 ns )                    ; CLK_COUNT2[5]  ; CLK_COUNT2[20] ; CLK        ; CLK      ; None                        ; None                      ; 6.957 ns                ;
; N/A                                     ; 133.00 MHz ( period = 7.519 ns )                    ; CLK_COUNT2[13] ; CLK_COUNT2[27] ; CLK        ; CLK      ; None                        ; None                      ; 6.950 ns                ;
; N/A                                     ; 133.14 MHz ( period = 7.511 ns )                    ; CLK_COUNT[0]   ; CLK_COUNT2[16] ; CLK        ; CLK      ; None                        ; None                      ; 6.942 ns                ;
; N/A                                     ; 133.16 MHz ( period = 7.510 ns )                    ; CLK_COUNT[2]   ; CLK_COUNT[3]   ; CLK        ; CLK      ; None                        ; None                      ; 6.941 ns                ;
; N/A                                     ; 133.28 MHz ( period = 7.503 ns )                    ; CLK_COUNT2[9]  ; CLK_COUNT2[23] ; CLK        ; CLK      ; None                        ; None                      ; 6.934 ns                ;
; N/A                                     ; 133.37 MHz ( period = 7.498 ns )                    ; CLK_COUNT[0]   ; CLK_COUNT2[15] ; CLK        ; CLK      ; None                        ; None                      ; 6.929 ns                ;
; N/A                                     ; 133.53 MHz ( period = 7.489 ns )                    ; CLK_COUNT[3]   ; CLK_COUNT[9]   ; CLK        ; CLK      ; None                        ; None                      ; 6.923 ns                ;
; N/A                                     ; 133.65 MHz ( period = 7.482 ns )                    ; CLK_COUNT2[8]  ; CLK_COUNT2[23] ; CLK        ; CLK      ; None                        ; None                      ; 6.913 ns                ;
; N/A                                     ; 134.01 MHz ( period = 7.462 ns )                    ; CLK_COUNT2[11] ; CLK_COUNT2[20] ; CLK        ; CLK      ; None                        ; None                      ; 6.893 ns                ;
; N/A                                     ; 134.12 MHz ( period = 7.456 ns )                    ; CLK_COUNT2[13] ; CLK_COUNT2[22] ; CLK        ; CLK      ; None                        ; None                      ; 6.887 ns                ;
; N/A                                     ; 134.26 MHz ( period = 7.448 ns )                    ; CLK_COUNT[0]   ; CLK_COUNT[4]   ; CLK        ; CLK      ; None                        ; None                      ; 6.882 ns                ;
; N/A                                     ; 134.39 MHz ( period = 7.441 ns )                    ; CLK_COUNT2[10] ; CLK_COUNT2[19] ; CLK        ; CLK      ; None                        ; None                      ; 6.872 ns                ;
; N/A                                     ; 135.28 MHz ( period = 7.392 ns )                    ; CLK_COUNT2[13] ; CLK_COUNT2[26] ; CLK        ; CLK      ; None                        ; None                      ; 6.823 ns                ;
; N/A                                     ; 135.41 MHz ( period = 7.385 ns )                    ; CLK_COUNT[4]   ; CLK_COUNT[17]  ; CLK        ; CLK      ; None                        ; None                      ; 6.816 ns                ;
; N/A                                     ; 135.54 MHz ( period = 7.378 ns )                    ; CLK_COUNT2[5]  ; CLK_COUNT2[19] ; CLK        ; CLK      ; None                        ; None                      ; 6.809 ns                ;
; N/A                                     ; 135.54 MHz ( period = 7.378 ns )                    ; CLK_COUNT[3]   ; CLK_COUNT[7]   ; CLK        ; CLK      ; None                        ; None                      ; 6.812 ns                ;
; N/A                                     ; 135.56 MHz ( period = 7.377 ns )                    ; CLK_COUNT2[10] ; CLK_COUNT2[23] ; CLK        ; CLK      ; None                        ; None                      ; 6.808 ns                ;
; N/A                                     ; 135.63 MHz ( period = 7.373 ns )                    ; CLK_COUNT[1]   ; CLK_COUNT[7]   ; CLK        ; CLK      ; None                        ; None                      ; 6.807 ns                ;
; N/A                                     ; 136.11 MHz ( period = 7.347 ns )                    ; CLK_COUNT2[4]  ; CLK_COUNT2[17] ; CLK        ; CLK      ; None                        ; None                      ; 6.778 ns                ;
; N/A                                     ; 136.13 MHz ( period = 7.346 ns )                    ; CLK_COUNT2[4]  ; CLK_COUNT2[18] ; CLK        ; CLK      ; None                        ; None                      ; 6.777 ns                ;
; N/A                                     ; 136.72 MHz ( period = 7.314 ns )                    ; CLK_COUNT2[11] ; CLK_COUNT2[19] ; CLK        ; CLK      ; None                        ; None                      ; 6.745 ns                ;
; N/A                                     ; 136.72 MHz ( period = 7.314 ns )                    ; CLK_COUNT2[5]  ; CLK_COUNT2[23] ; CLK        ; CLK      ; None                        ; None                      ; 6.745 ns                ;
; N/A                                     ; 136.84 MHz ( period = 7.308 ns )                    ; CLK_COUNT2[13] ; CLK_COUNT2[21] ; CLK        ; CLK      ; None                        ; None                      ; 6.739 ns                ;
; N/A                                     ; 137.31 MHz ( period = 7.283 ns )                    ; CLK_COUNT[1]   ; CLK_COUNT[4]   ; CLK        ; CLK      ; None                        ; None                      ; 6.717 ns                ;
; N/A                                     ; 137.78 MHz ( period = 7.258 ns )                    ; CLK_COUNT[4]   ; CLK_COUNT[16]  ; CLK        ; CLK      ; None                        ; None                      ; 6.689 ns                ;
; N/A                                     ; 137.93 MHz ( period = 7.250 ns )                    ; CLK_COUNT2[11] ; CLK_COUNT2[23] ; CLK        ; CLK      ; None                        ; None                      ; 6.681 ns                ;
; N/A                                     ; 137.93 MHz ( period = 7.250 ns )                    ; CLK_COUNT[0]   ; CLK_COUNT2[13] ; CLK        ; CLK      ; None                        ; None                      ; 6.681 ns                ;
; N/A                                     ; 138.05 MHz ( period = 7.244 ns )                    ; CLK_COUNT2[13] ; CLK_COUNT2[25] ; CLK        ; CLK      ; None                        ; None                      ; 6.675 ns                ;
; N/A                                     ; 138.60 MHz ( period = 7.215 ns )                    ; CLK_COUNT[0]   ; CLK_COUNT2[14] ; CLK        ; CLK      ; None                        ; None                      ; 6.646 ns                ;
; N/A                                     ; 138.99 MHz ( period = 7.195 ns )                    ; CLK_COUNT[2]   ; CLK_COUNT[10]  ; CLK        ; CLK      ; None                        ; None                      ; 6.629 ns                ;
; N/A                                     ; 139.65 MHz ( period = 7.161 ns )                    ; CLK_COUNT[1]   ; CLK_COUNT2[17] ; CLK        ; CLK      ; None                        ; None                      ; 6.592 ns                ;
; N/A                                     ; 139.66 MHz ( period = 7.160 ns )                    ; CLK_COUNT[1]   ; CLK_COUNT2[18] ; CLK        ; CLK      ; None                        ; None                      ; 6.591 ns                ;
; N/A                                     ; 139.66 MHz ( period = 7.160 ns )                    ; CLK_COUNT2[13] ; CLK_COUNT2[20] ; CLK        ; CLK      ; None                        ; None                      ; 6.591 ns                ;
; N/A                                     ; 140.35 MHz ( period = 7.125 ns )                    ; CLK_COUNT[3]   ; CLK_COUNT[4]   ; CLK        ; CLK      ; None                        ; None                      ; 6.559 ns                ;
; N/A                                     ; 140.37 MHz ( period = 7.124 ns )                    ; CLK_COUNT[0]   ; CLK_COUNT[8]   ; CLK        ; CLK      ; None                        ; None                      ; 6.558 ns                ;
; N/A                                     ; 140.65 MHz ( period = 7.110 ns )                    ; CLK_COUNT[4]   ; CLK_COUNT[15]  ; CLK        ; CLK      ; None                        ; None                      ; 6.541 ns                ;
; N/A                                     ; 141.70 MHz ( period = 7.057 ns )                    ; CLK_COUNT2[4]  ; CLK_COUNT2[16] ; CLK        ; CLK      ; None                        ; None                      ; 6.488 ns                ;
; N/A                                     ; 141.82 MHz ( period = 7.051 ns )                    ; CLK_COUNT2[6]  ; CLK_COUNT2[17] ; CLK        ; CLK      ; None                        ; None                      ; 6.482 ns                ;
; N/A                                     ; 141.84 MHz ( period = 7.050 ns )                    ; CLK_COUNT2[6]  ; CLK_COUNT2[18] ; CLK        ; CLK      ; None                        ; None                      ; 6.481 ns                ;
; N/A                                     ; 141.90 MHz ( period = 7.047 ns )                    ; CLK_COUNT[2]   ; CLK_COUNT[9]   ; CLK        ; CLK      ; None                        ; None                      ; 6.481 ns                ;
; N/A                                     ; 141.96 MHz ( period = 7.044 ns )                    ; CLK_COUNT2[4]  ; CLK_COUNT2[15] ; CLK        ; CLK      ; None                        ; None                      ; 6.475 ns                ;
; N/A                                     ; 142.13 MHz ( period = 7.036 ns )                    ; CLK_COUNT2[12] ; CLK_COUNT2[24] ; CLK        ; CLK      ; None                        ; None                      ; 6.467 ns                ;
; N/A                                     ; 142.55 MHz ( period = 7.015 ns )                    ; CLK_COUNT[5]   ; CLK_COUNT[17]  ; CLK        ; CLK      ; None                        ; None                      ; 6.446 ns                ;
; N/A                                     ; 142.61 MHz ( period = 7.012 ns )                    ; CLK_COUNT2[13] ; CLK_COUNT2[19] ; CLK        ; CLK      ; None                        ; None                      ; 6.443 ns                ;
; N/A                                     ; 142.94 MHz ( period = 6.996 ns )                    ; CLK_COUNT[2]   ; CLK_COUNT2[17] ; CLK        ; CLK      ; None                        ; None                      ; 6.427 ns                ;
; N/A                                     ; 142.96 MHz ( period = 6.995 ns )                    ; CLK_COUNT[2]   ; CLK_COUNT2[18] ; CLK        ; CLK      ; None                        ; None                      ; 6.426 ns                ;
; N/A                                     ; 143.70 MHz ( period = 6.959 ns )                    ; CLK_COUNT[1]   ; CLK_COUNT[8]   ; CLK        ; CLK      ; None                        ; None                      ; 6.393 ns                ;
; N/A                                     ; 143.80 MHz ( period = 6.954 ns )                    ; CLK_COUNT[0]   ; CLK_COUNT2[11] ; CLK        ; CLK      ; None                        ; None                      ; 6.385 ns                ;
; N/A                                     ; 143.93 MHz ( period = 6.948 ns )                    ; CLK_COUNT2[13] ; CLK_COUNT2[23] ; CLK        ; CLK      ; None                        ; None                      ; 6.379 ns                ;
; N/A                                     ; 144.43 MHz ( period = 6.924 ns )                    ; CLK_COUNT2[5]  ; CLK_COUNT2[16] ; CLK        ; CLK      ; None                        ; None                      ; 6.355 ns                ;
; N/A                                     ; 144.45 MHz ( period = 6.923 ns )                    ; CLK_COUNT2[5]  ; CLK_COUNT2[14] ; CLK        ; CLK      ; None                        ; None                      ; 6.354 ns                ;
; N/A                                     ; 144.49 MHz ( period = 6.921 ns )                    ; CLK_COUNT2[5]  ; CLK_COUNT2[18] ; CLK        ; CLK      ; None                        ; None                      ; 6.352 ns                ;
; N/A                                     ; 144.68 MHz ( period = 6.912 ns )                    ; CLK_COUNT[0]   ; CLK_COUNT2[12] ; CLK        ; CLK      ; None                        ; None                      ; 6.343 ns                ;
; N/A                                     ; 144.97 MHz ( period = 6.898 ns )                    ; CLK_COUNT2[5]  ; CLK_COUNT2[12] ; CLK        ; CLK      ; None                        ; None                      ; 6.329 ns                ;
; Timing analysis restricted to 200 rows. ; To change the limit use Settings (Assignments menu) ;                ;                ;            ;          ;                             ;                           ;                         ;
+-----------------------------------------+-----------------------------------------------------+----------------+----------------+------------+----------+-----------------------------+---------------------------+-------------------------+


+-----------------------------------------------------------------------+
; tsu                                                                   ;
+-------+--------------+------------+-------+----------------+----------+
; Slack ; Required tsu ; Actual tsu ; From  ; To             ; To Clock ;
+-------+--------------+------------+-------+----------------+----------+
; N/A   ; None         ; 8.358 ns   ; RESET ; CLK_COUNT2[27] ; CLK      ;
; N/A   ; None         ; 8.337 ns   ; RESET ; CLK_COUNT2[23] ; CLK      ;
; N/A   ; None         ; 8.336 ns   ; RESET ; CLK_COUNT2[25] ; CLK      ;
; N/A   ; None         ; 8.336 ns   ; RESET ; CLK_COUNT2[20] ; CLK      ;
; N/A   ; None         ; 8.335 ns   ; RESET ; CLK_COUNT2[26] ; CLK      ;
; N/A   ; None         ; 8.335 ns   ; RESET ; CLK_COUNT2[22] ; CLK      ;
; N/A   ; None         ; 8.333 ns   ; RESET ; CLK_COUNT2[24] ; CLK      ;
; N/A   ; None         ; 8.331 ns   ; RESET ; CLK_COUNT2[21] ; CLK      ;
; N/A   ; None         ; 8.328 ns   ; RESET ; CLK_COUNT2[19] ; CLK      ;
; N/A   ; None         ; 8.202 ns   ; RESET ; CLK_COUNT[1]   ; CLK      ;
; N/A   ; None         ; 8.202 ns   ; RESET ; CLK_COUNT2[14] ; CLK      ;
; N/A   ; None         ; 8.202 ns   ; RESET ; CLK_COUNT2[18] ; CLK      ;
; N/A   ; None         ; 8.201 ns   ; RESET ; CLK_COUNT2[15] ; CLK      ;
; N/A   ; None         ; 8.201 ns   ; RESET ; CLK_COUNT2[16] ; CLK      ;
; N/A   ; None         ; 8.200 ns   ; RESET ; CLK_COUNT2[5]  ; CLK      ;
; N/A   ; None         ; 8.199 ns   ; RESET ; CLK_COUNT[2]   ; CLK      ;
; N/A   ; None         ; 8.198 ns   ; RESET ; CLK_COUNT2[17] ; CLK      ;
; N/A   ; None         ; 8.196 ns   ; RESET ; CLK_COUNT[3]   ; CLK      ;
; N/A   ; None         ; 8.193 ns   ; RESET ; CLK_COUNT2[12] ; CLK      ;
; N/A   ; None         ; 8.168 ns   ; RESET ; CLK_COUNT[14]  ; CLK      ;
; N/A   ; None         ; 8.167 ns   ; RESET ; CLK_COUNT[4]   ; CLK      ;
; N/A   ; None         ; 8.167 ns   ; RESET ; CLK_COUNT[11]  ; CLK      ;
; N/A   ; None         ; 8.165 ns   ; RESET ; CLK_COUNT[12]  ; CLK      ;
; N/A   ; None         ; 8.164 ns   ; RESET ; CLK_COUNT[13]  ; CLK      ;
; N/A   ; None         ; 8.127 ns   ; RESET ; CLK_COUNT[0]   ; CLK      ;
; N/A   ; None         ; 8.101 ns   ; RESET ; CLK_COUNT[16]  ; CLK      ;
; N/A   ; None         ; 8.101 ns   ; RESET ; CLK_COUNT[10]  ; CLK      ;
; N/A   ; None         ; 8.101 ns   ; RESET ; CLK_COUNT[7]   ; CLK      ;
; N/A   ; None         ; 8.100 ns   ; RESET ; CLK_COUNT[9]   ; CLK      ;
; N/A   ; None         ; 8.099 ns   ; RESET ; CLK_COUNT[15]  ; CLK      ;
; N/A   ; None         ; 8.097 ns   ; RESET ; CLK_COUNT[18]  ; CLK      ;
; N/A   ; None         ; 8.095 ns   ; RESET ; CLK_COUNT[17]  ; CLK      ;
; N/A   ; None         ; 8.061 ns   ; RESET ; CLK_COUNT2[7]  ; CLK      ;
; N/A   ; None         ; 8.060 ns   ; RESET ; CLK_COUNT2[8]  ; CLK      ;
; N/A   ; None         ; 8.059 ns   ; RESET ; CLK_COUNT2[4]  ; CLK      ;
; N/A   ; None         ; 8.058 ns   ; RESET ; CLK_COUNT2[10] ; CLK      ;
; N/A   ; None         ; 8.057 ns   ; RESET ; CLK_COUNT2[6]  ; CLK      ;
; N/A   ; None         ; 8.055 ns   ; RESET ; CLK_COUNT2[9]  ; CLK      ;
; N/A   ; None         ; 8.048 ns   ; RESET ; CLK_COUNT[8]   ; CLK      ;
; N/A   ; None         ; 8.002 ns   ; RESET ; CLK_COUNT[6]   ; CLK      ;
; N/A   ; None         ; 7.999 ns   ; RESET ; CLK_COUNT[5]   ; CLK      ;
; N/A   ; None         ; 7.985 ns   ; RESET ; CLK_COUNT2[13] ; CLK      ;
; N/A   ; None         ; 7.985 ns   ; RESET ; CLK_COUNT2[11] ; CLK      ;
+-------+--------------+------------+-------+----------------+----------+


+---------------------------------------------------------------------------+
; tco                                                                       ;
+-------+--------------+------------+-------------+------------+------------+
; Slack ; Required tco ; Actual tco ; From        ; To         ; From Clock ;
+-------+--------------+------------+-------------+------------+------------+
; N/A   ; None         ; 26.012 ns  ; SEL_SEG[0]  ; SEG_C[0]   ; CLK        ;
; N/A   ; None         ; 25.891 ns  ; SEL_SEG[0]  ; SEG_C[1]   ; CLK        ;
; N/A   ; None         ; 25.792 ns  ; SEL_SEG[0]  ; SEG_C[2]   ; CLK        ;
; N/A   ; None         ; 25.335 ns  ; SEL_SEG[0]  ; SEG_C[6]   ; CLK        ;
; N/A   ; None         ; 25.272 ns  ; SEL_SEG[0]  ; SEG_C[4]   ; CLK        ;
; N/A   ; None         ; 25.244 ns  ; SEL_SEG[0]  ; SEG_C[3]   ; CLK        ;
; N/A   ; None         ; 23.730 ns  ; SEL_SEG[0]  ; SEG_C[5]   ; CLK        ;
; N/A   ; None         ; 22.507 ns  ; COUNT_1[2]  ; SEG_C[0]   ; CLK        ;
; N/A   ; None         ; 22.434 ns  ; COUNT_10[2] ; SEG_C[0]   ; CLK        ;
; N/A   ; None         ; 22.386 ns  ; COUNT_1[2]  ; SEG_C[1]   ; CLK        ;
; N/A   ; None         ; 22.332 ns  ; COUNT_1[1]  ; SEG_C[0]   ; CLK        ;
; N/A   ; None         ; 22.313 ns  ; COUNT_10[2] ; SEG_C[1]   ; CLK        ;
; N/A   ; None         ; 22.287 ns  ; COUNT_1[2]  ; SEG_C[2]   ; CLK        ;
; N/A   ; None         ; 22.281 ns  ; COUNT_1[3]  ; SEG_C[0]   ; CLK        ;
; N/A   ; None         ; 22.214 ns  ; COUNT_10[2] ; SEG_C[2]   ; CLK        ;
; N/A   ; None         ; 22.186 ns  ; COUNT_1[1]  ; SEG_C[1]   ; CLK        ;
; N/A   ; None         ; 22.135 ns  ; COUNT_1[3]  ; SEG_C[1]   ; CLK        ;
; N/A   ; None         ; 22.129 ns  ; COUNT_1[1]  ; SEG_C[2]   ; CLK        ;
; N/A   ; None         ; 22.078 ns  ; COUNT_1[3]  ; SEG_C[2]   ; CLK        ;
; N/A   ; None         ; 21.830 ns  ; COUNT_1[2]  ; SEG_C[6]   ; CLK        ;
; N/A   ; None         ; 21.767 ns  ; COUNT_1[2]  ; SEG_C[4]   ; CLK        ;
; N/A   ; None         ; 21.757 ns  ; COUNT_10[2] ; SEG_C[6]   ; CLK        ;
; N/A   ; None         ; 21.743 ns  ; COUNT_10[1] ; SEG_C[0]   ; CLK        ;
; N/A   ; None         ; 21.739 ns  ; COUNT_1[2]  ; SEG_C[3]   ; CLK        ;
; N/A   ; None         ; 21.694 ns  ; COUNT_10[2] ; SEG_C[4]   ; CLK        ;
; N/A   ; None         ; 21.670 ns  ; COUNT_1[1]  ; SEG_C[6]   ; CLK        ;
; N/A   ; None         ; 21.666 ns  ; COUNT_10[2] ; SEG_C[3]   ; CLK        ;
; N/A   ; None         ; 21.619 ns  ; COUNT_1[3]  ; SEG_C[6]   ; CLK        ;
; N/A   ; None         ; 21.604 ns  ; COUNT_1[1]  ; SEG_C[4]   ; CLK        ;
; N/A   ; None         ; 21.597 ns  ; COUNT_10[1] ; SEG_C[1]   ; CLK        ;
; N/A   ; None         ; 21.590 ns  ; COUNT_1[1]  ; SEG_C[3]   ; CLK        ;
; N/A   ; None         ; 21.553 ns  ; COUNT_1[3]  ; SEG_C[4]   ; CLK        ;
; N/A   ; None         ; 21.540 ns  ; COUNT_10[1] ; SEG_C[2]   ; CLK        ;
; N/A   ; None         ; 21.539 ns  ; COUNT_1[3]  ; SEG_C[3]   ; CLK        ;
; N/A   ; None         ; 21.081 ns  ; COUNT_10[1] ; SEG_C[6]   ; CLK        ;
; N/A   ; None         ; 21.015 ns  ; COUNT_10[1] ; SEG_C[4]   ; CLK        ;
; N/A   ; None         ; 21.001 ns  ; COUNT_10[1] ; SEG_C[3]   ; CLK        ;
; N/A   ; None         ; 20.923 ns  ; COUNT_10[3] ; SEG_C[0]   ; CLK        ;
; N/A   ; None         ; 20.777 ns  ; COUNT_10[3] ; SEG_C[1]   ; CLK        ;
; N/A   ; None         ; 20.739 ns  ; COUNT_10[0] ; SEG_C[0]   ; CLK        ;
; N/A   ; None         ; 20.720 ns  ; COUNT_10[3] ; SEG_C[2]   ; CLK        ;
; N/A   ; None         ; 20.593 ns  ; COUNT_10[0] ; SEG_C[1]   ; CLK        ;
; N/A   ; None         ; 20.536 ns  ; COUNT_10[0] ; SEG_C[2]   ; CLK        ;
; N/A   ; None         ; 20.261 ns  ; COUNT_10[3] ; SEG_C[6]   ; CLK        ;
; N/A   ; None         ; 20.225 ns  ; COUNT_1[2]  ; SEG_C[5]   ; CLK        ;
; N/A   ; None         ; 20.195 ns  ; COUNT_10[3] ; SEG_C[4]   ; CLK        ;
; N/A   ; None         ; 20.181 ns  ; COUNT_10[3] ; SEG_C[3]   ; CLK        ;
; N/A   ; None         ; 20.153 ns  ; COUNT_1[0]  ; SEG_C[0]   ; CLK        ;
; N/A   ; None         ; 20.152 ns  ; COUNT_10[2] ; SEG_C[5]   ; CLK        ;
; N/A   ; None         ; 20.077 ns  ; COUNT_10[0] ; SEG_C[6]   ; CLK        ;
; N/A   ; None         ; 20.059 ns  ; COUNT_1[1]  ; SEG_C[5]   ; CLK        ;
; N/A   ; None         ; 20.011 ns  ; COUNT_10[0] ; SEG_C[4]   ; CLK        ;
; N/A   ; None         ; 20.008 ns  ; COUNT_1[3]  ; SEG_C[5]   ; CLK        ;
; N/A   ; None         ; 20.007 ns  ; COUNT_1[0]  ; SEG_C[1]   ; CLK        ;
; N/A   ; None         ; 19.997 ns  ; COUNT_10[0] ; SEG_C[3]   ; CLK        ;
; N/A   ; None         ; 19.950 ns  ; COUNT_1[0]  ; SEG_C[2]   ; CLK        ;
; N/A   ; None         ; 19.491 ns  ; COUNT_1[0]  ; SEG_C[6]   ; CLK        ;
; N/A   ; None         ; 19.470 ns  ; COUNT_10[1] ; SEG_C[5]   ; CLK        ;
; N/A   ; None         ; 19.425 ns  ; COUNT_1[0]  ; SEG_C[4]   ; CLK        ;
; N/A   ; None         ; 19.411 ns  ; COUNT_1[0]  ; SEG_C[3]   ; CLK        ;
; N/A   ; None         ; 18.650 ns  ; COUNT_10[3] ; SEG_C[5]   ; CLK        ;
; N/A   ; None         ; 18.466 ns  ; COUNT_10[0] ; SEG_C[5]   ; CLK        ;
; N/A   ; None         ; 17.880 ns  ; COUNT_1[0]  ; SEG_C[5]   ; CLK        ;
; N/A   ; None         ; 13.866 ns  ; SEL_SEG[0]  ; SEG_SEL[1] ; CLK        ;
; N/A   ; None         ; 12.953 ns  ; SEL_SEG[0]  ; SEG_SEL[0] ; CLK        ;
+-------+--------------+------------+-------------+------------+------------+


+-----------------------------------------------------------------------------+
; th                                                                          ;
+---------------+-------------+-----------+-------+----------------+----------+
; Minimum Slack ; Required th ; Actual th ; From  ; To             ; To Clock ;
+---------------+-------------+-----------+-------+----------------+----------+
; N/A           ; None        ; -7.514 ns ; RESET ; CLK_COUNT2[13] ; CLK      ;
; N/A           ; None        ; -7.514 ns ; RESET ; CLK_COUNT2[11] ; CLK      ;
; N/A           ; None        ; -7.528 ns ; RESET ; CLK_COUNT[5]   ; CLK      ;
; N/A           ; None        ; -7.531 ns ; RESET ; CLK_COUNT[6]   ; CLK      ;
; N/A           ; None        ; -7.577 ns ; RESET ; CLK_COUNT[8]   ; CLK      ;
; N/A           ; None        ; -7.584 ns ; RESET ; CLK_COUNT2[9]  ; CLK      ;
; N/A           ; None        ; -7.586 ns ; RESET ; CLK_COUNT2[6]  ; CLK      ;
; N/A           ; None        ; -7.587 ns ; RESET ; CLK_COUNT2[10] ; CLK      ;
; N/A           ; None        ; -7.588 ns ; RESET ; CLK_COUNT2[4]  ; CLK      ;
; N/A           ; None        ; -7.589 ns ; RESET ; CLK_COUNT2[8]  ; CLK      ;
; N/A           ; None        ; -7.590 ns ; RESET ; CLK_COUNT2[7]  ; CLK      ;
; N/A           ; None        ; -7.624 ns ; RESET ; CLK_COUNT[17]  ; CLK      ;
; N/A           ; None        ; -7.626 ns ; RESET ; CLK_COUNT[18]  ; CLK      ;
; N/A           ; None        ; -7.628 ns ; RESET ; CLK_COUNT[15]  ; CLK      ;
; N/A           ; None        ; -7.629 ns ; RESET ; CLK_COUNT[9]   ; CLK      ;
; N/A           ; None        ; -7.630 ns ; RESET ; CLK_COUNT[16]  ; CLK      ;
; N/A           ; None        ; -7.630 ns ; RESET ; CLK_COUNT[10]  ; CLK      ;
; N/A           ; None        ; -7.630 ns ; RESET ; CLK_COUNT[7]   ; CLK      ;
; N/A           ; None        ; -7.656 ns ; RESET ; CLK_COUNT[0]   ; CLK      ;
; N/A           ; None        ; -7.693 ns ; RESET ; CLK_COUNT[13]  ; CLK      ;
; N/A           ; None        ; -7.694 ns ; RESET ; CLK_COUNT[12]  ; CLK      ;
; N/A           ; None        ; -7.696 ns ; RESET ; CLK_COUNT[4]   ; CLK      ;
; N/A           ; None        ; -7.696 ns ; RESET ; CLK_COUNT[11]  ; CLK      ;
; N/A           ; None        ; -7.697 ns ; RESET ; CLK_COUNT[14]  ; CLK      ;
; N/A           ; None        ; -7.722 ns ; RESET ; CLK_COUNT2[12] ; CLK      ;
; N/A           ; None        ; -7.725 ns ; RESET ; CLK_COUNT[3]   ; CLK      ;
; N/A           ; None        ; -7.727 ns ; RESET ; CLK_COUNT2[17] ; CLK      ;
; N/A           ; None        ; -7.728 ns ; RESET ; CLK_COUNT[2]   ; CLK      ;
; N/A           ; None        ; -7.729 ns ; RESET ; CLK_COUNT2[5]  ; CLK      ;
; N/A           ; None        ; -7.730 ns ; RESET ; CLK_COUNT2[15] ; CLK      ;
; N/A           ; None        ; -7.730 ns ; RESET ; CLK_COUNT2[16] ; CLK      ;
; N/A           ; None        ; -7.731 ns ; RESET ; CLK_COUNT[1]   ; CLK      ;
; N/A           ; None        ; -7.731 ns ; RESET ; CLK_COUNT2[14] ; CLK      ;
; N/A           ; None        ; -7.731 ns ; RESET ; CLK_COUNT2[18] ; CLK      ;
; N/A           ; None        ; -7.857 ns ; RESET ; CLK_COUNT2[19] ; CLK      ;
; N/A           ; None        ; -7.860 ns ; RESET ; CLK_COUNT2[21] ; CLK      ;
; N/A           ; None        ; -7.862 ns ; RESET ; CLK_COUNT2[24] ; CLK      ;
; N/A           ; None        ; -7.864 ns ; RESET ; CLK_COUNT2[26] ; CLK      ;
; N/A           ; None        ; -7.864 ns ; RESET ; CLK_COUNT2[22] ; CLK      ;
; N/A           ; None        ; -7.865 ns ; RESET ; CLK_COUNT2[25] ; CLK      ;
; N/A           ; None        ; -7.865 ns ; RESET ; CLK_COUNT2[20] ; CLK      ;
; N/A           ; None        ; -7.866 ns ; RESET ; CLK_COUNT2[23] ; CLK      ;
; N/A           ; None        ; -7.887 ns ; RESET ; CLK_COUNT2[27] ; CLK      ;
+---------------+-------------+-----------+-------+----------------+----------+


+--------------------------+
; Timing Analyzer Messages ;
+--------------------------+
Info: *******************************************************************
Info: Running Quartus II Timing Analyzer
    Info: Version 4.2 Build 157 12/07/2004 SJ Full Version
    Info: Processing started: Wed May 02 12:57:45 2018
Info: Command: quartus_tan --import_settings_files=off --export_settings_files=off CHO_SIGYE -c CHO_SIGYE
Info: Started post-fitting delay annotation
Info: Delay annotation completed successfully
Info: Found combinational loop of 1 nodes
    Info: Node "SEG_DEC:U0|SEG_DEC[0]"
Info: Found combinational loop of 1 nodes
    Info: Node "SEG_DEC:U0|SEG_DEC[1]"
Info: Found combinational loop of 1 nodes
    Info: Node "SEG_DEC:U0|SEG_DEC[2]"
Info: Found combinational loop of 1 nodes
    Info: Node "SEG_DEC:U0|SEG_DEC[3]"
Info: Found combinational loop of 1 nodes
    Info: Node "SEG_DEC:U0|SEG_DEC[4]"
Info: Found combinational loop of 1 nodes
    Info: Node "SEG_DEC:U0|SEG_DEC[5]"
Info: Found combinational loop of 1 nodes
    Info: Node "SEG_DEC:U0|SEG_DEC[6]"
Warning: Found pins functioning as undefined clocks and/or memory enables
    Info: Assuming node "CLK" is an undefined clock
Warning: Found 2 node(s) in clock paths which may be acting as ripple and/or gated clocks -- node(s) analyzed as buffer(s) resulting in clock skew
    Info: Detected ripple clock "CLK2" as buffer
    Info: Detected ripple clock "CLK1" as buffer
Info: Clock "CLK" has Internal fmax of 102.35 MHz between source register "CLK_COUNT[0]" and destination register "CLK_COUNT[17]" (period= 9.77 ns)
    Info: + Longest register to register delay is 9.204 ns
        Info: 1: + IC(0.000 ns) + CELL(0.219 ns) = 0.219 ns; Loc. = LC1_6_N2; Fanout = 4; REG Node = 'CLK_COUNT[0]'
        Info: 2: + IC(2.263 ns) + CELL(1.521 ns) = 4.003 ns; Loc. = LC2_7_O2; Fanout = 2; COMB Node = 'add~611COUT'
        Info: 3: + IC(0.000 ns) + CELL(0.148 ns) = 4.151 ns; Loc. = LC3_7_O2; Fanout = 2; COMB Node = 'add~612COUT'
        Info: 4: + IC(0.000 ns) + CELL(0.148 ns) = 4.299 ns; Loc. = LC4_7_O2; Fanout = 2; COMB Node = 'add~613COUT'
        Info: 5: + IC(0.000 ns) + CELL(0.148 ns) = 4.447 ns; Loc. = LC5_7_O2; Fanout = 2; COMB Node = 'add~614COUT'
        Info: 6: + IC(0.000 ns) + CELL(0.148 ns) = 4.595 ns; Loc. = LC6_7_O2; Fanout = 2; COMB Node = 'add~615COUT'
        Info: 7: + IC(0.000 ns) + CELL(0.148 ns) = 4.743 ns; Loc. = LC7_7_O2; Fanout = 2; COMB Node = 'add~616COUT'
        Info: 8: + IC(0.000 ns) + CELL(0.148 ns) = 4.891 ns; Loc. = LC8_7_O2; Fanout = 2; COMB Node = 'add~617COUT'
        Info: 9: + IC(0.000 ns) + CELL(0.148 ns) = 5.039 ns; Loc. = LC9_7_O2; Fanout = 2; COMB Node = 'add~618COUT'
        Info: 10: + IC(0.000 ns) + CELL(0.148 ns) = 5.187 ns; Loc. = LC10_7_O2; Fanout = 2; COMB Node = 'add~619COUT'
        Info: 11: + IC(0.658 ns) + CELL(0.148 ns) = 5.993 ns; Loc. = LC1_9_O2; Fanout = 2; COMB Node = 'add~620COUT'
        Info: 12: + IC(0.000 ns) + CELL(0.148 ns) = 6.141 ns; Loc. = LC2_9_O2; Fanout = 2; COMB Node = 'add~621COUT'
        Info: 13: + IC(0.000 ns) + CELL(0.148 ns) = 6.289 ns; Loc. = LC3_9_O2; Fanout = 2; COMB Node = 'add~622COUT'
        Info: 14: + IC(0.000 ns) + CELL(0.148 ns) = 6.437 ns; Loc. = LC4_9_O2; Fanout = 2; COMB Node = 'add~623COUT'
        Info: 15: + IC(0.000 ns) + CELL(0.148 ns) = 6.585 ns; Loc. = LC5_9_O2; Fanout = 2; COMB Node = 'add~624COUT'
        Info: 16: + IC(0.000 ns) + CELL(0.148 ns) = 6.733 ns; Loc. = LC6_9_O2; Fanout = 2; COMB Node = 'add~625COUT'
        Info: 17: + IC(0.000 ns) + CELL(0.148 ns) = 6.881 ns; Loc. = LC7_9_O2; Fanout = 2; COMB Node = 'add~626COUT'
        Info: 18: + IC(0.000 ns) + CELL(0.148 ns) = 7.029 ns; Loc. = LC8_9_O2; Fanout = 2; COMB Node = 'add~627COUT'
        Info: 19: + IC(0.000 ns) + CELL(1.000 ns) = 8.029 ns; Loc. = LC9_9_O2; Fanout = 1; COMB Node = 'add~628'
        Info: 20: + IC(0.259 ns) + CELL(0.916 ns) = 9.204 ns; Loc. = LC2_8_O2; Fanout = 3; REG Node = 'CLK_COUNT[17]'
        Info: Total cell delay = 6.024 ns ( 65.45 % )
        Info: Total interconnect delay = 3.180 ns ( 34.55 % )
    Info: - Smallest clock skew is 0.003 ns
        Info: + Shortest clock path from clock "CLK" to destination register is 3.845 ns
            Info: 1: + IC(0.000 ns) + CELL(1.901 ns) = 1.901 ns; Loc. = PIN_Y5; Fanout = 45; CLK Node = 'CLK'
            Info: 2: + IC(1.944 ns) + CELL(0.000 ns) = 3.845 ns; Loc. = LC2_8_O2; Fanout = 3; REG Node = 'CLK_COUNT[17]'
            Info: Total cell delay = 1.901 ns ( 49.44 % )
            Info: Total interconnect delay = 1.944 ns ( 50.56 % )
        Info: - Longest clock path from clock "CLK" to source register is 3.842 ns
            Info: 1: + IC(0.000 ns) + CELL(1.901 ns) = 1.901 ns; Loc. = PIN_Y5; Fanout = 45; CLK Node = 'CLK'
            Info: 2: + IC(1.941 ns) + CELL(0.000 ns) = 3.842 ns; Loc. = LC1_6_N2; Fanout = 4; REG Node = 'CLK_COUNT[0]'
            Info: Total cell delay = 1.901 ns ( 49.48 % )
            Info: Total interconnect delay = 1.941 ns ( 50.52 % )
    Info: + Micro clock to output delay of source is 0.454 ns
    Info: + Micro setup delay of destination is 0.115 ns
Info: tsu for register "CLK_COUNT2[27]" (data pin = "RESET", clock pin = "CLK") is 8.358 ns
    Info: + Longest pin to register delay is 12.085 ns
        Info: 1: + IC(0.000 ns) + CELL(2.295 ns) = 2.295 ns; Loc. = PIN_W20; Fanout = 53; PIN Node = 'RESET'
        Info: 2: + IC(9.100 ns) + CELL(0.690 ns) = 12.085 ns; Loc. = LC10_10_N2; Fanout = 2; REG Node = 'CLK_COUNT2[27]'
        Info: Total cell delay = 2.985 ns ( 24.70 % )
        Info: Total interconnect delay = 9.100 ns ( 75.30 % )
    Info: + Micro setup delay of destination is 0.115 ns
    Info: - Shortest clock path from clock "CLK" to destination register is 3.842 ns
        Info: 1: + IC(0.000 ns) + CELL(1.901 ns) = 1.901 ns; Loc. = PIN_Y5; Fanout = 45; CLK Node = 'CLK'
        Info: 2: + IC(1.941 ns) + CELL(0.000 ns) = 3.842 ns; Loc. = LC10_10_N2; Fanout = 2; REG Node = 'CLK_COUNT2[27]'
        Info: Total cell delay = 1.901 ns ( 49.48 % )
        Info: Total interconnect delay = 1.941 ns ( 50.52 % )
Info: tco from clock "CLK" to destination pin "SEG_C[0]" through register "SEL_SEG[0]" is 26.012 ns
    Info: + Longest clock path from clock "CLK" to source register is 9.234 ns
        Info: 1: + IC(0.000 ns) + CELL(1.901 ns) = 1.901 ns; Loc. = PIN_Y5; Fanout = 45; CLK Node = 'CLK'
        Info: 2: + IC(1.944 ns) + CELL(0.673 ns) = 4.518 ns; Loc. = LC6_11_O2; Fanout = 1; REG Node = 'CLK1'
        Info: 3: + IC(4.716 ns) + CELL(0.000 ns) = 9.234 ns; Loc. = LC3_10_Z2; Fanout = 8; REG Node = 'SEL_SEG[0]'
        Info: Total cell delay = 2.574 ns ( 27.88 % )
        Info: Total interconnect delay = 6.660 ns ( 72.12 % )
    Info: + Micro clock to output delay of source is 0.454 ns
    Info: + Longest register to pin delay is 16.324 ns
        Info: 1: + IC(0.000 ns) + CELL(0.219 ns) = 0.219 ns; Loc. = LC3_10_Z2; Fanout = 8; REG Node = 'SEL_SEG[0]'
        Info: 2: + IC(2.731 ns) + CELL(0.486 ns) = 3.436 ns; Loc. = LC5_13_N2; Fanout = 8; COMB Node = 'Select~109'
        Info: 3: + IC(1.048 ns) + CELL(1.207 ns) = 5.691 ns; Loc. = LC5_12_N2; Fanout = 14; COMB Node = 'SEG_DEC:U0|Select~197'
        Info: 4: + IC(0.000 ns) + CELL(4.421 ns) = 10.112 ns; Loc. = LC8_11_N1; Fanout = 2; COMB LOOP Node = 'SEG_DEC:U0|SEG_DEC[0]'
            Info: Loc. = LC8_11_N1; Node "SEG_DEC:U0|SEG_DEC[0]"
        Info: 5: + IC(3.501 ns) + CELL(2.711 ns) = 16.324 ns; Loc. = PIN_Y3; Fanout = 0; PIN Node = 'SEG_C[0]'
        Info: Total cell delay = 9.044 ns ( 55.40 % )
        Info: Total interconnect delay = 7.280 ns ( 44.60 % )
Info: th for register "CLK_COUNT2[13]" (data pin = "RESET", clock pin = "CLK") is -7.514 ns
    Info: + Longest clock path from clock "CLK" to destination register is 3.842 ns
        Info: 1: + IC(0.000 ns) + CELL(1.901 ns) = 1.901 ns; Loc. = PIN_Y5; Fanout = 45; CLK Node = 'CLK'
        Info: 2: + IC(1.941 ns) + CELL(0.000 ns) = 3.842 ns; Loc. = LC5_4_N2; Fanout = 3; REG Node = 'CLK_COUNT2[13]'
        Info: Total cell delay = 1.901 ns ( 49.48 % )
        Info: Total interconnect delay = 1.941 ns ( 50.52 % )
    Info: + Micro hold delay of destination is 0.356 ns
    Info: - Shortest pin to register delay is 11.712 ns
        Info: 1: + IC(0.000 ns) + CELL(2.295 ns) = 2.295 ns; Loc. = PIN_W20; Fanout = 53; PIN Node = 'RESET'
        Info: 2: + IC(8.727 ns) + CELL(0.690 ns) = 11.712 ns; Loc. = LC5_4_N2; Fanout = 3; REG Node = 'CLK_COUNT2[13]'
        Info: Total cell delay = 2.985 ns ( 25.49 % )
        Info: Total interconnect delay = 8.727 ns ( 74.51 % )
Info: Quartus II Timing Analyzer was successful. 0 errors, 2 warnings
    Info: Processing ended: Wed May 02 12:57:46 2018
    Info: Elapsed time: 00:00:01


