Analysis & Synthesis report for sig_control
Wed Apr 25 12:55:01 2018
Version 4.2 Build 157 12/07/2004 SJ Full Version


---------------------
; Table of Contents ;
---------------------
  1. Legal Notice
  2. Analysis & Synthesis Summary
  3. Analysis & Synthesis Settings
  4. State Machine - |sig_control|state
  5. Hierarchy
  6. Analysis & Synthesis Resource Utilization by Entity
  7. Analysis & Synthesis Equations
  8. Analysis & Synthesis Source Files Read
  9. Analysis & Synthesis Resource Usage Summary
 10. WYSIWYG Cells
 11. General Register Statistics
 12. Analysis & Synthesis Messages



----------------
; Legal Notice ;
----------------
Copyright (C) 1991-2004 Altera Corporation
Any  megafunction  design,  and related netlist (encrypted  or  decrypted),
support information,  device programming or simulation file,  and any other
associated  documentation or information  provided by  Altera  or a partner
under  Altera's   Megafunction   Partnership   Program  may  be  used  only
to program  PLD  devices (but not masked  PLD  devices) from  Altera.   Any
other  use  of such  megafunction  design,  netlist,  support  information,
device programming or simulation file,  or any other  related documentation
or information  is prohibited  for  any  other purpose,  including, but not
limited to  modification,  reverse engineering,  de-compiling, or use  with
any other  silicon devices,  unless such use is  explicitly  licensed under
a separate agreement with  Altera  or a megafunction partner.  Title to the
intellectual property,  including patents,  copyrights,  trademarks,  trade
secrets,  or maskworks,  embodied in any such megafunction design, netlist,
support  information,  device programming or simulation file,  or any other
related documentation or information provided by  Altera  or a megafunction
partner, remains with Altera, the megafunction partner, or their respective
licensors. No other licenses, including any licenses needed under any third
party's intellectual property, are provided herein.



+------------------------------------------------------------------------+
; Analysis & Synthesis Summary                                           ;
+-----------------------------+------------------------------------------+
; Analysis & Synthesis Status ; Successful - Wed Apr 25 12:55:01 2018    ;
; Quartus II Version          ; 4.2 Build 157 12/07/2004 SJ Full Version ;
; Revision Name               ; sig_control                              ;
; Top-level Entity Name       ; sig_control                              ;
; Family                      ; EXCALIBUR_ARM                            ;
; Total logic elements        ; 5                                        ;
; Total pins                  ; 7                                        ;
; Total virtual pins          ; 0                                        ;
; Total memory bits           ; 0                                        ;
; Total PLLs                  ; 0                                        ;
+-----------------------------+------------------------------------------+


+----------------------------------------------------------------------------------------------------------------------------+
; Analysis & Synthesis Settings                                                                                              ;
+--------------------------------------------------------------------------------------------+---------------+---------------+
; Option                                                                                     ; Setting       ; Default Value ;
+--------------------------------------------------------------------------------------------+---------------+---------------+
; Device                                                                                     ; EPXA4F672C3   ;               ;
; Family name                                                                                ; EXCALIBUR_ARM ; Stratix       ;
; Use smart compilation                                                                      ; Normal        ; Normal        ;
; Create Debugging Nodes for IP Cores                                                        ; off           ; off           ;
; Preserve fewer node names                                                                  ; On            ; On            ;
; Disable OpenCore Plus hardware evaluation                                                  ; Off           ; Off           ;
; Verilog Version                                                                            ; Verilog_2001  ; Verilog_2001  ;
; VHDL Version                                                                               ; VHDL93        ; VHDL93        ;
; Top-level entity name                                                                      ; sig_control   ; sig_control   ;
; State Machine Processing                                                                   ; Auto          ; Auto          ;
; Extract Verilog State Machines                                                             ; On            ; On            ;
; Extract VHDL State Machines                                                                ; On            ; On            ;
; NOT Gate Push-Back                                                                         ; On            ; On            ;
; Power-Up Don't Care                                                                        ; On            ; On            ;
; Remove Redundant Logic Cells                                                               ; Off           ; Off           ;
; Remove Duplicate Registers                                                                 ; On            ; On            ;
; Ignore CARRY Buffers                                                                       ; Off           ; Off           ;
; Ignore CASCADE Buffers                                                                     ; Off           ; Off           ;
; Ignore GLOBAL Buffers                                                                      ; Off           ; Off           ;
; Ignore ROW GLOBAL Buffers                                                                  ; Off           ; Off           ;
; Ignore LCELL Buffers                                                                       ; Off           ; Off           ;
; Ignore SOFT Buffers                                                                        ; On            ; On            ;
; Limit AHDL Integers to 32 Bits                                                             ; Off           ; Off           ;
; Auto Implement in ROM                                                                      ; Off           ; Off           ;
; Technology Mapper -- APEX 20K/APEX 20KE/APEX 20KC/APEX II/ARM-based Excalibur              ; LUT           ; LUT           ;
; Optimization Technique -- APEX 20K/APEX 20KE/APEX 20KC/APEX II/ARM-based Excalibur         ; Balanced      ; Balanced      ;
; Allow XOR Gate Usage                                                                       ; On            ; On            ;
; Carry Chain Length                                                                         ; 48            ; 48            ;
; Cascade Chain Length                                                                       ; 2             ; 2             ;
; Parallel Expander Chain Length -- APEX 20K/APEX 20KE/APEX 20KC/APEX II/ARM-based Excalibur ; 16            ; 16            ;
; Auto Carry Chains                                                                          ; On            ; On            ;
; Auto Parallel Expanders                                                                    ; On            ; On            ;
; Auto Open-Drain Pins                                                                       ; On            ; On            ;
; Remove Duplicate Logic                                                                     ; On            ; On            ;
; Perform WYSIWYG Primitive Resynthesis                                                      ; Off           ; Off           ;
; Perform gate-level register retiming                                                       ; Off           ; Off           ;
; Allow register retiming to trade off Tsu/Tco with Fmax                                     ; On            ; On            ;
; Auto ROM Replacement                                                                       ; On            ; On            ;
; Auto RAM Replacement                                                                       ; On            ; On            ;
; Auto Clock Enable Replacement                                                              ; On            ; On            ;
; Auto Resource Sharing                                                                      ; Off           ; Off           ;
; Allow Any RAM Size For Recognition                                                         ; Off           ; Off           ;
; Allow Any ROM Size For Recognition                                                         ; Off           ; Off           ;
; Allow Any Shift Register Size For Recognition                                              ; Off           ; Off           ;
+--------------------------------------------------------------------------------------------+---------------+---------------+


+-----------------------------------------------------------------+
; State Machine - |sig_control|state                              ;
+----------+----------+----------+----------+----------+----------+
; Name     ; state.S1 ; state.S2 ; state.S3 ; state.S0 ; state.S4 ;
+----------+----------+----------+----------+----------+----------+
; state.S0 ; 0        ; 0        ; 0        ; 0        ; 0        ;
; state.S3 ; 0        ; 0        ; 1        ; 1        ; 0        ;
; state.S2 ; 0        ; 1        ; 0        ; 1        ; 0        ;
; state.S1 ; 1        ; 0        ; 0        ; 1        ; 0        ;
; state.S4 ; 0        ; 0        ; 0        ; 1        ; 1        ;
+----------+----------+----------+----------+----------+----------+


+-----------+
; Hierarchy ;
+-----------+
sig_control


+-------------------------------------------------------------------------------------------------------------------------------------------------------------------------------------------+
; Analysis & Synthesis Resource Utilization by Entity                                                                                                                                       ;
+----------------------------+-------------+--------------+-------------+------+--------------+--------------+-------------------+------------------+-----------------+---------------------+
; Compilation Hierarchy Node ; Logic Cells ; LC Registers ; Memory Bits ; Pins ; Virtual Pins ; LUT-Only LCs ; Register-Only LCs ; LUT/Register LCs ; Carry Chain LCs ; Full Hierarchy Name ;
+----------------------------+-------------+--------------+-------------+------+--------------+--------------+-------------------+------------------+-----------------+---------------------+
; |sig_control               ; 5 (5)       ; 5            ; 0           ; 7    ; 0            ; 0 (0)        ; 0 (0)             ; 5 (5)            ; 0 (0)           ; |sig_control        ;
+----------------------------+-------------+--------------+-------------+------+--------------+--------------+-------------------+------------------+-----------------+---------------------+


+--------------------------------+
; Analysis & Synthesis Equations ;
+--------------------------------+
The equations can be found in D:/lyj/sig_control/sig_control.map.eqn.


+---------------------------------------------------------------------------------------+
; Analysis & Synthesis Source Files Read                                                ;
+----------------------------------+-----------------+----------------------------------+
; File Name with User-Entered Path ; Used in Netlist ; File Name with Absolute Path     ;
+----------------------------------+-----------------+----------------------------------+
; sig_control.v                    ; yes             ; D:/lyj/sig_control/sig_control.v ;
+----------------------------------+-----------------+----------------------------------+


+---------------------------------------------+
; Analysis & Synthesis Resource Usage Summary ;
+---------------------------------+-----------+
; Resource                        ; Usage     ;
+---------------------------------+-----------+
; Logic cells                     ; 5         ;
; Total combinational functions   ; 5         ;
; Total 4-input functions         ; 2         ;
; Total 3-input functions         ; 2         ;
; Total 2-input functions         ; 1         ;
; Total 1-input functions         ; 0         ;
; Total 0-input functions         ; 0         ;
; Combinational cells for routing ; 0         ;
; Total registers                 ; 5         ;
; I/O pins                        ; 7         ;
; Maximum fan-out node            ; clear     ;
; Maximum fan-out                 ; 5         ;
; Total fan-out                   ; 25        ;
; Average fan-out                 ; 2.08      ;
+---------------------------------+-----------+


+----------------------------------------------------------------+
; WYSIWYG Cells                                                  ;
+--------------------------------------------------------+-------+
; Statistic                                              ; Value ;
+--------------------------------------------------------+-------+
; Number of WYSIWYG cells                                ; 0     ;
; Number of synthesis-generated cells                    ; 5     ;
; Number of WYSIWYG LUTs                                 ; 0     ;
; Number of synthesis-generated LUTs                     ; 5     ;
; Number of WYSIWYG registers                            ; 0     ;
; Number of synthesis-generated registers                ; 5     ;
; Number of cells with combinational logic only          ; 0     ;
; Number of cells with registers only                    ; 0     ;
; Number of cells with combinational logic and registers ; 5     ;
+--------------------------------------------------------+-------+


+------------------------------------------------------+
; General Register Statistics                          ;
+----------------------------------------------+-------+
; Statistic                                    ; Value ;
+----------------------------------------------+-------+
; Total registers                              ; 5     ;
; Number of registers using Synchronous Clear  ; 0     ;
; Number of registers using Synchronous Load   ; 0     ;
; Number of registers using Asynchronous Clear ; 0     ;
; Number of registers using Asynchronous Load  ; 0     ;
; Number of registers using Clock Enable       ; 0     ;
; Number of registers using Output Enable      ; 0     ;
; Number of registers using Preset             ; 0     ;
+----------------------------------------------+-------+


+-------------------------------+
; Analysis & Synthesis Messages ;
+-------------------------------+
Info: *******************************************************************
Info: Running Quartus II Analysis & Synthesis
    Info: Version 4.2 Build 157 12/07/2004 SJ Full Version
    Info: Processing started: Wed Apr 25 12:55:01 2018
Info: Command: quartus_map --import_settings_files=on --export_settings_files=off sig_control -c sig_control
Warning: This product family is not recommended for new designs. Altera provides newer product families with better cost & performance attributes than ARM-Based Excalibur devices
Info: Found 1 design units, including 1 entities, in source file sig_control.v
    Info: Found entity 1: sig_control
Info: State machine "|sig_control|state" contains 5 states and 0 state bits
Info: Selected Auto state machine encoding method for state machine "|sig_control|state"
Info: Encoding result for state machine "|sig_control|state"
    Info: Completed encoding using 5 state bits
        Info: Encoded state bit "state.S1"
        Info: Encoded state bit "state.S2"
        Info: Encoded state bit "state.S3"
        Info: Encoded state bit "state.S0"
        Info: Encoded state bit "state.S4"
    Info: State "|sig_control|state.S0" uses code string "00000"
    Info: State "|sig_control|state.S3" uses code string "00110"
    Info: State "|sig_control|state.S2" uses code string "01010"
    Info: State "|sig_control|state.S1" uses code string "10010"
    Info: State "|sig_control|state.S4" uses code string "00011"
Info: Implemented 12 device resources after synthesis - the final resource count might be different
    Info: Implemented 3 input pins
    Info: Implemented 4 output pins
    Info: Implemented 5 logic cells
Info: Quartus II Analysis & Synthesis was successful. 0 errors, 1 warning
    Info: Processing ended: Wed Apr 25 12:55:01 2018
    Info: Elapsed time: 00:00:01


