Flow report for MEALY_M_1
Wed Apr 25 13:15:49 2018
Version 4.2 Build 157 12/07/2004 SJ Full Version


---------------------
; Table of Contents ;
---------------------
  1. Legal Notice
  2. Flow Summary
  3. Flow Settings
  4. Flow Elapsed Time
  5. Flow Log



----------------
; Legal Notice ;
----------------
Copyright (C) 1991-2004 Altera Corporation
Any  megafunction  design,  and related netlist (encrypted  or  decrypted),
support information,  device programming or simulation file,  and any other
associated  documentation or information  provided by  Altera  or a partner
under  Altera's   Megafunction   Partnership   Program  may  be  used  only
to program  PLD  devices (but not masked  PLD  devices) from  Altera.   Any
other  use  of such  megafunction  design,  netlist,  support  information,
device programming or simulation file,  or any other  related documentation
or information  is prohibited  for  any  other purpose,  including, but not
limited to  modification,  reverse engineering,  de-compiling, or use  with
any other  silicon devices,  unless such use is  explicitly  licensed under
a separate agreement with  Altera  or a megafunction partner.  Title to the
intellectual property,  including patents,  copyrights,  trademarks,  trade
secrets,  or maskworks,  embodied in any such megafunction design, netlist,
support  information,  device programming or simulation file,  or any other
related documentation or information provided by  Altera  or a megafunction
partner, remains with Altera, the megafunction partner, or their respective
licensors. No other licenses, including any licenses needed under any third
party's intellectual property, are provided herein.



+---------------------------------------------------------------------+
; Flow Summary                                                        ;
+--------------------------+------------------------------------------+
; Flow Status              ; Successful - Wed Apr 25 13:15:49 2018    ;
; Quartus II Version       ; 4.2 Build 157 12/07/2004 SJ Full Version ;
; Revision Name            ; MEALY_M_1                                ;
; Top-level Entity Name    ; MEALY_M_1                                ;
; Family                   ; Stratix                                  ;
; Met timing requirements  ; Yes                                      ;
; Total logic elements     ; 4 / 10,570 ( < 1 % )                     ;
; Total pins               ; 4 / 336 ( 1 % )                          ;
; Total virtual pins       ; 0                                        ;
; Total memory bits        ; 0 / 920,448 ( 0 % )                      ;
; DSP block 9-bit elements ; 0 / 48 ( 0 % )                           ;
; Total PLLs               ; 0 / 6 ( 0 % )                            ;
; Total DLLs               ; 0 / 2 ( 0 % )                            ;
; Device                   ; EP1S10F484C5                             ;
; Timing Models            ; Final                                    ;
+--------------------------+------------------------------------------+


+-----------------------------------------+
; Flow Settings                           ;
+-------------------+---------------------+
; Option            ; Setting             ;
+-------------------+---------------------+
; Start date & time ; 04/25/2018 13:15:38 ;
; Main task         ; Compilation         ;
; Revision Name     ; MEALY_M_1           ;
+-------------------+---------------------+


+-------------------------------------+
; Flow Elapsed Time                   ;
+----------------------+--------------+
; Module Name          ; Elapsed Time ;
+----------------------+--------------+
; Analysis & Synthesis ; 00:00:00     ;
; Fitter               ; 00:00:03     ;
; Assembler            ; 00:00:01     ;
; Timing Analyzer      ; 00:00:00     ;
; Total                ; 00:00:04     ;
+----------------------+--------------+


------------
; Flow Log ;
------------
quartus_map --import_settings_files=on --export_settings_files=off MEALY_M_1 -c MEALY_M_1
quartus_fit --import_settings_files=off --export_settings_files=off MEALY_M_1 -c MEALY_M_1
quartus_asm --import_settings_files=off --export_settings_files=off MEALY_M_1 -c MEALY_M_1
quartus_tan --import_settings_files=off --export_settings_files=off MEALY_M_1 -c MEALY_M_1 --timing_analysis_only



